#
# There is insufficient memory for the Java Runtime Environment to continue.
# Native memory allocation (malloc) failed to allocate 1162256 bytes. Error detail: Chunk::new
# Possible reasons:
#   The system is out of physical RAM or swap space
#   This process is running with CompressedOops enabled, and the Java Heap may be blocking the growth of the native heap
# Possible solutions:
#   Reduce memory load on the system
#   Increase physical memory or swap space
#   Check if swap backing store is full
#   Decrease Java heap size (-Xmx/-Xms)
#   Decrease number of Java threads
#   Decrease Java thread stack sizes (-Xss)
#   Set larger code cache with -XX:ReservedCodeCacheSize=
#   JVM is running with Unscaled Compressed Oops mode in which the Java heap is
#     placed in the first 4GB address space. The Java Heap base address is the
#     maximum limit for the native heap growth. Please use -XX:HeapBaseMinAddress
#     to set the Java Heap base and to place the Java Heap above 4GB virtual address.
# This output file may be truncated or incomplete.
#
#  Out of Memory Error (arena.cpp:168), pid=41328, tid=23556
#
# JRE version: OpenJDK Runtime Environment Temurin-21.0.10+7 (21.0.10+7) (build 21.0.10+7-LTS)
# Java VM: OpenJDK 64-Bit Server VM Temurin-21.0.10+7 (21.0.10+7-LTS, mixed mode, sharing, tiered, compressed oops, compressed class ptrs, g1 gc, windows-amd64)
# No core dump will be written. Minidumps are not enabled by default on client versions of Windows
#

---------------  S U M M A R Y ------------

Command Line: --add-opens=java.base/java.util=ALL-UNNAMED --add-opens=java.base/java.lang=ALL-UNNAMED --add-opens=java.base/java.lang.invoke=ALL-UNNAMED --add-opens=java.prefs/java.util.prefs=ALL-UNNAMED --add-opens=java.base/java.nio.charset=ALL-UNNAMED --add-opens=java.base/java.net=ALL-UNNAMED --add-opens=java.base/java.util.concurrent.atomic=ALL-UNNAMED -Xmx2048m -Dfile.encoding=UTF-8 -Duser.country=US -Duser.language=en -Duser.variant -javaagent:C:\Users\aayus\.gradle\wrapper\dists\gradle-8.2.1-bin\5hap6b9n41hkg4jeh2au2pllh\gradle-8.2.1\lib\agents\gradle-instrumentation-agent-8.2.1.jar org.gradle.launcher.daemon.bootstrap.GradleDaemon 8.2.1

Host: 13th Gen Intel(R) Core(TM) i5-13450HX, 16 cores, 23G,  Windows 11 , 64 bit Build 26100 (10.0.26100.7920)
Time: Sat Apr 11 12:04:18 2026 India Standard Time elapsed time: 742.158786 seconds (0d 0h 12m 22s)

---------------  T H R E A D  ---------------

Current thread (0x000002a8a2f2c4a0):  JavaThread "C2 CompilerThread1" daemon [_thread_in_native, id=23556, stack(0x000000b018500000,0x000000b018600000) (1024K)]


Current CompileTask:
C2:742158 15067       4       org.gradle.internal.service.DefaultServiceRegistry$OwnServices::add (153 bytes)

Stack: [0x000000b018500000,0x000000b018600000]
Native frames: (J=compiled Java code, j=interpreted, Vv=VM code, C=native code)
V  [jvm.dll+0x6d7a39]
V  [jvm.dll+0x8b4b26]
V  [jvm.dll+0x8b70de]
V  [jvm.dll+0x8b77c3]
V  [jvm.dll+0x284346]
V  [jvm.dll+0xc66ed]
V  [jvm.dll+0xc6c31]
V  [jvm.dll+0x3bec01]
V  [jvm.dll+0x38b162]
V  [jvm.dll+0x38a5aa]
V  [jvm.dll+0x24c560]
V  [jvm.dll+0x24bb40]
V  [jvm.dll+0x1cb34e]
V  [jvm.dll+0x25b85d]
V  [jvm.dll+0x259dea]
V  [jvm.dll+0x3f857e]
V  [jvm.dll+0x85f59d]
V  [jvm.dll+0x6d626d]
C  [ucrtbase.dll+0x37b0]
C  [KERNEL32.DLL+0x2e8d7]
C  [ntdll.dll+0x8c48c]


---------------  P R O C E S S  ---------------

Threads class SMR info:
_java_thread_list=0x000002a89bb30eb0, length=57, elements={
0x000002a83d5ffc20, 0x000002a855947d30, 0x000002a855948890, 0x000002a85594c340,
0x000002a85594d020, 0x000002a85594da80, 0x000002a85594e4e0, 0x000002a85595b6b0,
0x000002a855977ed0, 0x000002a855bee340, 0x000002a855bd41b0, 0x000002a89c7ce500,
0x000002a89c27b920, 0x000002a89c27ad50, 0x000002a89c78fc70, 0x000002a89c78ef50,
0x000002a89c791d40, 0x000002a89c7916b0, 0x000002a89c7923d0, 0x000002a89fd52310,
0x000002a89fd50f60, 0x000002a89cc46d00, 0x000002a89cc45950, 0x000002a89cc452c0,
0x000002a89cc480b0, 0x000002a89cc45fe0, 0x000002a89cc48dd0, 0x000002a89cc49af0,
0x000002a89efe2d50, 0x000002a89efe0c80, 0x000002a89efe4790, 0x000002a89efe1310,
0x000002a89efe4e20, 0x000002a89efe5b40, 0x000002a89efe54b0, 0x000002a89efe61d0,
0x000002a89efe6860, 0x000002a89efe6ef0, 0x000002a89efe7580, 0x000002a89e7a8b80,
0x000002a89e7a7140, 0x000002a89e7a84f0, 0x000002a8a0d6f590, 0x000002a8a0d70940,
0x000002a8a2f2c4a0, 0x000002a8a2fc6a30, 0x000002a89cc46670, 0x000002a8a0d70fd0,
0x000002a8a0d6fc20, 0x000002a8a0d71cf0, 0x000002a8a0d72380, 0x000002a8a0d6ef00,
0x000002a8a0d730a0, 0x000002a8a0d75e90, 0x000002a8a0d75800, 0x000002a8a0d72a10,
0x000002a8a0d74450
}

Java Threads: ( => current thread )
  0x000002a83d5ffc20 JavaThread "main"                              [_thread_blocked, id=12588, stack(0x000000b015100000,0x000000b015200000) (1024K)]
  0x000002a855947d30 JavaThread "Reference Handler"          daemon [_thread_blocked, id=8636, stack(0x000000b015900000,0x000000b015a00000) (1024K)]
  0x000002a855948890 JavaThread "Finalizer"                  daemon [_thread_blocked, id=4892, stack(0x000000b015a00000,0x000000b015b00000) (1024K)]
  0x000002a85594c340 JavaThread "Signal Dispatcher"          daemon [_thread_blocked, id=34968, stack(0x000000b015b00000,0x000000b015c00000) (1024K)]
  0x000002a85594d020 JavaThread "Attach Listener"            daemon [_thread_blocked, id=36648, stack(0x000000b015c00000,0x000000b015d00000) (1024K)]
  0x000002a85594da80 JavaThread "Service Thread"             daemon [_thread_blocked, id=20764, stack(0x000000b015d00000,0x000000b015e00000) (1024K)]
  0x000002a85594e4e0 JavaThread "Monitor Deflation Thread"   daemon [_thread_blocked, id=12028, stack(0x000000b015e00000,0x000000b015f00000) (1024K)]
  0x000002a85595b6b0 JavaThread "C2 CompilerThread0"         daemon [_thread_in_native, id=37452, stack(0x000000b015f00000,0x000000b016000000) (1024K)]
  0x000002a855977ed0 JavaThread "C1 CompilerThread0"         daemon [_thread_blocked, id=4284, stack(0x000000b016000000,0x000000b016100000) (1024K)]
  0x000002a855bee340 JavaThread "Common-Cleaner"             daemon [_thread_blocked, id=19372, stack(0x000000b016200000,0x000000b016300000) (1024K)]
  0x000002a855bd41b0 JavaThread "Notification Thread"        daemon [_thread_blocked, id=31568, stack(0x000000b016300000,0x000000b016400000) (1024K)]
  0x000002a89c7ce500 JavaThread "Daemon health stats"               [_thread_blocked, id=44688, stack(0x000000b017000000,0x000000b017100000) (1024K)]
  0x000002a89c27b920 JavaThread "Incoming local TCP Connector on port 51313"        [_thread_in_native, id=37656, stack(0x000000b017100000,0x000000b017200000) (1024K)]
  0x000002a89c27ad50 JavaThread "Daemon periodic checks"            [_thread_in_native, id=41608, stack(0x000000b017200000,0x000000b017300000) (1024K)]
  0x000002a89c78fc70 JavaThread "Cache worker for journal cache (C:\Users\aayus\.gradle\caches\journal-1)"        [_thread_blocked, id=21552, stack(0x000000b016500000,0x000000b016600000) (1024K)]
  0x000002a89c78ef50 JavaThread "File lock request listener"        [_thread_in_native, id=7924, stack(0x000000b017a00000,0x000000b017b00000) (1024K)]
  0x000002a89c791d40 JavaThread "Cache worker for file hash cache (C:\Users\aayus\.gradle\caches\8.2.1\fileHashes)"        [_thread_blocked, id=31096, stack(0x000000b017b00000,0x000000b017c00000) (1024K)]
  0x000002a89c7916b0 JavaThread "File watcher server"        daemon [_thread_in_native, id=8904, stack(0x000000b017d00000,0x000000b017e00000) (1024K)]
  0x000002a89c7923d0 JavaThread "File watcher consumer"      daemon [_thread_blocked, id=26080, stack(0x000000b017e00000,0x000000b017f00000) (1024K)]
  0x000002a89fd52310 JavaThread "Cache worker for file content cache (C:\Users\aayus\.gradle\caches\8.2.1\fileContent)"        [_thread_blocked, id=30764, stack(0x000000b018600000,0x000000b018700000) (1024K)]
  0x000002a89fd50f60 JavaThread "Cache worker for execution history cache (C:\Users\aayus\.gradle\caches\8.2.1\executionHistory)"        [_thread_blocked, id=28888, stack(0x000000b016400000,0x000000b016500000) (1024K)]
  0x000002a89cc46d00 JavaThread "Cache worker for kotlin-dsl (C:\Users\aayus\.gradle\caches\8.2.1\kotlin-dsl)"        [_thread_blocked, id=44600, stack(0x000000b018c00000,0x000000b018d00000) (1024K)]
  0x000002a89cc45950 JavaThread "jar transforms"                    [_thread_blocked, id=2096, stack(0x000000b018b00000,0x000000b018c00000) (1024K)]
  0x000002a89cc452c0 JavaThread "jar transforms Thread 2"           [_thread_blocked, id=27428, stack(0x000000b018d00000,0x000000b018e00000) (1024K)]
  0x000002a89cc480b0 JavaThread "jar transforms Thread 3"           [_thread_blocked, id=42544, stack(0x000000b018e00000,0x000000b018f00000) (1024K)]
  0x000002a89cc45fe0 JavaThread "jar transforms Thread 4"           [_thread_blocked, id=29016, stack(0x000000b018f00000,0x000000b019000000) (1024K)]
  0x000002a89cc48dd0 JavaThread "jar transforms Thread 5"           [_thread_blocked, id=20096, stack(0x000000b019100000,0x000000b019200000) (1024K)]
  0x000002a89cc49af0 JavaThread "jar transforms Thread 6"           [_thread_blocked, id=25804, stack(0x000000b019200000,0x000000b019300000) (1024K)]
  0x000002a89efe2d50 JavaThread "jar transforms Thread 7"           [_thread_blocked, id=29204, stack(0x000000b01a300000,0x000000b01a400000) (1024K)]
  0x000002a89efe0c80 JavaThread "jar transforms Thread 8"           [_thread_blocked, id=44560, stack(0x000000b01a400000,0x000000b01a500000) (1024K)]
  0x000002a89efe4790 JavaThread "jar transforms Thread 9"           [_thread_blocked, id=25960, stack(0x000000b01a500000,0x000000b01a600000) (1024K)]
  0x000002a89efe1310 JavaThread "jar transforms Thread 10"          [_thread_blocked, id=33072, stack(0x000000b01a600000,0x000000b01a700000) (1024K)]
  0x000002a89efe4e20 JavaThread "jar transforms Thread 11"          [_thread_blocked, id=9656, stack(0x000000b01a700000,0x000000b01a800000) (1024K)]
  0x000002a89efe5b40 JavaThread "jar transforms Thread 12"          [_thread_blocked, id=28832, stack(0x000000b01a800000,0x000000b01a900000) (1024K)]
  0x000002a89efe54b0 JavaThread "jar transforms Thread 13"          [_thread_blocked, id=29680, stack(0x000000b01a900000,0x000000b01aa00000) (1024K)]
  0x000002a89efe61d0 JavaThread "jar transforms Thread 14"          [_thread_blocked, id=41812, stack(0x000000b01aa00000,0x000000b01ab00000) (1024K)]
  0x000002a89efe6860 JavaThread "jar transforms Thread 15"          [_thread_blocked, id=240, stack(0x000000b01ab00000,0x000000b01ac00000) (1024K)]
  0x000002a89efe6ef0 JavaThread "jar transforms Thread 16"          [_thread_blocked, id=34112, stack(0x000000b01ac00000,0x000000b01ad00000) (1024K)]
  0x000002a89efe7580 JavaThread "Memory manager"                    [_thread_blocked, id=42044, stack(0x000000b01ad00000,0x000000b01ae00000) (1024K)]
  0x000002a89e7a8b80 JavaThread "pool-3-thread-1"                   [_thread_blocked, id=17452, stack(0x000000b01b000000,0x000000b01b100000) (1024K)]
  0x000002a89e7a7140 JavaThread "Daemon Thread 2"                   [_thread_blocked, id=25468, stack(0x000000b014e00000,0x000000b014f00000) (1024K)]
  0x000002a89e7a84f0 JavaThread "Daemon worker Thread 2"            [_thread_in_Java, id=32992, stack(0x000000b016100000,0x000000b016200000) (1024K)]
  0x000002a8a0d6f590 JavaThread "pool-6-thread-1"                   [_thread_blocked, id=30544, stack(0x000000b01a100000,0x000000b01a200000) (1024K)]
  0x000002a8a0d70940 JavaThread "File lock release action executor Thread 2"        [_thread_blocked, id=9532, stack(0x000000b017400000,0x000000b017500000) (1024K)]
=>0x000002a8a2f2c4a0 JavaThread "C2 CompilerThread1"         daemon [_thread_in_native, id=23556, stack(0x000000b018500000,0x000000b018600000) (1024K)]
  0x000002a8a2fc6a30 JavaThread "pool-9-thread-1"                   [_thread_blocked, id=30916, stack(0x000000b01a200000,0x000000b01a300000) (1024K)]
  0x000002a89cc46670 JavaThread "Handler for socket connection from /127.0.0.1:51313 to /127.0.0.1:58798"        [_thread_in_native, id=43944, stack(0x000000b014f00000,0x000000b015000000) (1024K)]
  0x000002a8a0d70fd0 JavaThread "Cancel handler"                    [_thread_blocked, id=45020, stack(0x000000b015000000,0x000000b015100000) (1024K)]
  0x000002a8a0d6fc20 JavaThread "Asynchronous log dispatcher for DefaultDaemonConnection: socket connection from /127.0.0.1:51313 to /127.0.0.1:58798"        [_thread_blocked, id=39976, stack(0x000000b016600000,0x000000b016700000) (1024K)]
  0x000002a8a0d71cf0 JavaThread "Stdin handler"                     [_thread_blocked, id=12668, stack(0x000000b016f00000,0x000000b017000000) (1024K)]
  0x000002a8a0d72380 JavaThread "Daemon client event forwarder"        [_thread_blocked, id=34964, stack(0x000000b017300000,0x000000b017400000) (1024K)]
  0x000002a8a0d6ef00 JavaThread "Cache worker for checksums cache (A:\Aayush,s Stuff\AI proj\HACKACINNO\.gradle\8.2.1\checksums)"        [_thread_blocked, id=7064, stack(0x000000b017500000,0x000000b017600000) (1024K)]
  0x000002a8a0d730a0 JavaThread "Cache worker for cache directory md-rule (C:\Users\aayus\.gradle\caches\8.2.1\md-rule)"        [_thread_blocked, id=40372, stack(0x000000b017600000,0x000000b017700000) (1024K)]
  0x000002a8a0d75e90 JavaThread "Cache worker for file hash cache (A:\Aayush,s Stuff\AI proj\HACKACINNO\.gradle\8.2.1\fileHashes)"        [_thread_blocked, id=44028, stack(0x000000b017700000,0x000000b017800000) (1024K)]
  0x000002a8a0d75800 JavaThread "Cache worker for cache directory md-supplier (C:\Users\aayus\.gradle\caches\8.2.1\md-supplier)"        [_thread_blocked, id=4548, stack(0x000000b017800000,0x000000b017900000) (1024K)]
  0x000002a8a0d72a10 JavaThread "Cache worker for dependencies-accessors (A:\Aayush,s Stuff\AI proj\HACKACINNO\.gradle\8.2.1\dependencies-accessors)"        [_thread_blocked, id=20936, stack(0x000000b017900000,0x000000b017a00000) (1024K)]
  0x000002a8a0d74450 JavaThread "Cache worker for Build Output Cleanup Cache (A:\Aayush,s Stuff\AI proj\HACKACINNO\.gradle\buildOutputCleanup)"        [_thread_blocked, id=39664, stack(0x000000b017c00000,0x000000b017d00000) (1024K)]
Total: 57

Other Threads:
  0x000002a854ebae20 VMThread "VM Thread"                           [id=13668, stack(0x000000b015800000,0x000000b015900000) (1024K)]
  0x000002a85593ca00 WatcherThread "VM Periodic Task Thread"        [id=30572, stack(0x000000b015700000,0x000000b015800000) (1024K)]
  0x000002a83d657bd0 WorkerThread "GC Thread#0"                     [id=5824, stack(0x000000b015200000,0x000000b015300000) (1024K)]
  0x000002a89bbdbad0 WorkerThread "GC Thread#1"                     [id=26336, stack(0x000000b016700000,0x000000b016800000) (1024K)]
  0x000002a89bbdbe80 WorkerThread "GC Thread#2"                     [id=33292, stack(0x000000b016800000,0x000000b016900000) (1024K)]
  0x000002a89bcc3450 WorkerThread "GC Thread#3"                     [id=14500, stack(0x000000b016900000,0x000000b016a00000) (1024K)]
  0x000002a89ba43840 WorkerThread "GC Thread#4"                     [id=30024, stack(0x000000b016a00000,0x000000b016b00000) (1024K)]
  0x000002a89ba44820 WorkerThread "GC Thread#5"                     [id=43924, stack(0x000000b016b00000,0x000000b016c00000) (1024K)]
  0x000002a89ba44bd0 WorkerThread "GC Thread#6"                     [id=43608, stack(0x000000b016c00000,0x000000b016d00000) (1024K)]
  0x000002a89bc223d0 WorkerThread "GC Thread#7"                     [id=37420, stack(0x000000b016d00000,0x000000b016e00000) (1024K)]
  0x000002a89bc22780 WorkerThread "GC Thread#8"                     [id=45000, stack(0x000000b016e00000,0x000000b016f00000) (1024K)]
  0x000002a89c617020 WorkerThread "GC Thread#9"                     [id=19256, stack(0x000000b017f00000,0x000000b018000000) (1024K)]
  0x000002a89c6173d0 WorkerThread "GC Thread#10"                    [id=33796, stack(0x000000b018000000,0x000000b018100000) (1024K)]
  0x000002a89c617780 WorkerThread "GC Thread#11"                    [id=42072, stack(0x000000b018100000,0x000000b018200000) (1024K)]
  0x000002a89ec7b360 WorkerThread "GC Thread#12"                    [id=17972, stack(0x000000b018200000,0x000000b018300000) (1024K)]
  0x000002a83d66b170 ConcurrentGCThread "G1 Main Marker"            [id=27864, stack(0x000000b015300000,0x000000b015400000) (1024K)]
  0x000002a83d66da50 WorkerThread "G1 Conc#0"                       [id=24160, stack(0x000000b015400000,0x000000b015500000) (1024K)]
  0x000002a89ec7c980 WorkerThread "G1 Conc#1"                       [id=16036, stack(0x000000b018300000,0x000000b018400000) (1024K)]
  0x000002a89ec7c5d0 WorkerThread "G1 Conc#2"                       [id=32080, stack(0x000000b018400000,0x000000b018500000) (1024K)]
  0x000002a854e5eb00 ConcurrentGCThread "G1 Refine#0"               [id=29976, stack(0x000000b015500000,0x000000b015600000) (1024K)]
  0x000002a854e5f330 ConcurrentGCThread "G1 Service"                [id=15632, stack(0x000000b015600000,0x000000b015700000) (1024K)]
Total: 21

Threads with active compile tasks:
C2 CompilerThread0  742181 15097       4       org.gradle.internal.typeconversion.NotationConverterToNotationParserAdapter::parseNotation (41 bytes)
C1 CompilerThread0  742181 15111       3       java.util.regex.Pattern$Loop::matchInit (156 bytes)
C2 CompilerThread1  742181 15067       4       org.gradle.internal.service.DefaultServiceRegistry$OwnServices::add (153 bytes)
Total: 3

VM state: not at safepoint (normal execution)

VM Mutex/Monitor currently owned by a thread: None

Heap address: 0x0000000080000000, size: 2048 MB, Compressed Oops mode: 32-bit

CDS archive(s) mapped at: [0x000002a856000000-0x000002a856ba0000-0x000002a856ba0000), size 12189696, SharedBaseAddress: 0x000002a856000000, ArchiveRelocationMode: 1.
Compressed class space mapped at: 0x000002a857000000-0x000002a897000000, reserved size: 1073741824
Narrow klass base: 0x000002a856000000, Narrow klass shift: 0, Narrow klass range: 0x100000000

GC Precious Log:
 CardTable entry size: 512
 Card Set container configuration: InlinePtr #cards 5 size 8 Array Of Cards #cards 12 size 40 Howl #buckets 4 coarsen threshold 1843 Howl Bitmap #cards 512 size 80 coarsen threshold 460 Card regions per heap region 1 cards per card region 2048
 CPUs: 16 total, 16 available
 Memory: 24351M
 Large Page Support: Disabled
 NUMA Support: Disabled
 Compressed Oops: Enabled (32-bit)
 Heap Region Size: 1M
 Heap Min Capacity: 8M
 Heap Initial Capacity: 382M
 Heap Max Capacity: 2G
 Pre-touch: Disabled
 Parallel Workers: 13
 Concurrent Workers: 3
 Concurrent Refinement Workers: 13
 Periodic GC: Disabled

Heap:
 garbage-first heap   total 211968K, used 132372K [0x0000000080000000, 0x0000000100000000)
  region size 1024K, 8 young (8192K), 6 survivors (6144K)
 Metaspace       used 98683K, committed 100736K, reserved 1179648K
  class space    used 13444K, committed 14464K, reserved 1048576K

Heap Regions: E=young(eden), S=young(survivor), O=old, HS=humongous(starts), HC=humongous(continues), CS=collection set, F=free, TAMS=top-at-mark-start, PB=parsable bottom
|   0|0x0000000080000000, 0x0000000080100000, 0x0000000080100000|100%|HS|  |TAMS 0x0000000080000000| PB 0x0000000080000000| Complete 
|   1|0x0000000080100000, 0x0000000080200000, 0x0000000080200000|100%|HC|  |TAMS 0x0000000080100000| PB 0x0000000080100000| Complete 
|   2|0x0000000080200000, 0x0000000080300000, 0x0000000080300000|100%|HC|  |TAMS 0x0000000080200000| PB 0x0000000080200000| Complete 
|   3|0x0000000080300000, 0x0000000080400000, 0x0000000080400000|100%|HC|  |TAMS 0x0000000080300000| PB 0x0000000080300000| Complete 
|   4|0x0000000080400000, 0x0000000080500000, 0x0000000080500000|100%| O|  |TAMS 0x0000000080400000| PB 0x0000000080400000| Untracked 
|   5|0x0000000080500000, 0x0000000080600000, 0x0000000080600000|100%| O|  |TAMS 0x0000000080500000| PB 0x0000000080500000| Untracked 
|   6|0x0000000080600000, 0x0000000080700000, 0x0000000080700000|100%| O|  |TAMS 0x0000000080600000| PB 0x0000000080600000| Untracked 
|   7|0x0000000080700000, 0x0000000080800000, 0x0000000080800000|100%| O|  |TAMS 0x0000000080700000| PB 0x0000000080700000| Untracked 
|   8|0x0000000080800000, 0x0000000080900000, 0x0000000080900000|100%| O|  |TAMS 0x0000000080800000| PB 0x0000000080800000| Untracked 
|   9|0x0000000080900000, 0x0000000080a00000, 0x0000000080a00000|100%| O|  |TAMS 0x0000000080900000| PB 0x0000000080900000| Untracked 
|  10|0x0000000080a00000, 0x0000000080b00000, 0x0000000080b00000|100%| O|  |TAMS 0x0000000080a00000| PB 0x0000000080a00000| Untracked 
|  11|0x0000000080b00000, 0x0000000080c00000, 0x0000000080c00000|100%| O|  |TAMS 0x0000000080b00000| PB 0x0000000080b00000| Untracked 
|  12|0x0000000080c00000, 0x0000000080d00000, 0x0000000080d00000|100%| O|  |TAMS 0x0000000080c00000| PB 0x0000000080c00000| Untracked 
|  13|0x0000000080d00000, 0x0000000080e00000, 0x0000000080e00000|100%|HS|  |TAMS 0x0000000080d00000| PB 0x0000000080d00000| Complete 
|  14|0x0000000080e00000, 0x0000000080f00000, 0x0000000080f00000|100%| O|  |TAMS 0x0000000080e00000| PB 0x0000000080e00000| Untracked 
|  15|0x0000000080f00000, 0x0000000081000000, 0x0000000081000000|100%| O|  |TAMS 0x0000000080f00000| PB 0x0000000080f00000| Untracked 
|  16|0x0000000081000000, 0x0000000081100000, 0x0000000081100000|100%| O|  |TAMS 0x0000000081000000| PB 0x0000000081000000| Untracked 
|  17|0x0000000081100000, 0x0000000081200000, 0x0000000081200000|100%| O|  |TAMS 0x0000000081100000| PB 0x0000000081100000| Untracked 
|  18|0x0000000081200000, 0x0000000081300000, 0x0000000081300000|100%| O|  |TAMS 0x0000000081200000| PB 0x0000000081200000| Untracked 
|  19|0x0000000081300000, 0x0000000081400000, 0x0000000081400000|100%|HS|  |TAMS 0x0000000081300000| PB 0x0000000081300000| Complete 
|  20|0x0000000081400000, 0x0000000081500000, 0x0000000081500000|100%|HS|  |TAMS 0x0000000081400000| PB 0x0000000081400000| Complete 
|  21|0x0000000081500000, 0x0000000081600000, 0x0000000081600000|100%|HC|  |TAMS 0x0000000081500000| PB 0x0000000081500000| Complete 
|  22|0x0000000081600000, 0x0000000081700000, 0x0000000081700000|100%|HS|  |TAMS 0x0000000081600000| PB 0x0000000081600000| Complete 
|  23|0x0000000081700000, 0x0000000081800000, 0x0000000081800000|100%|HC|  |TAMS 0x0000000081700000| PB 0x0000000081700000| Complete 
|  24|0x0000000081800000, 0x0000000081900000, 0x0000000081900000|100%|HS|  |TAMS 0x0000000081800000| PB 0x0000000081800000| Complete 
|  25|0x0000000081900000, 0x0000000081a00000, 0x0000000081a00000|100%| O|  |TAMS 0x0000000081900000| PB 0x0000000081900000| Untracked 
|  26|0x0000000081a00000, 0x0000000081b00000, 0x0000000081b00000|100%| O|  |TAMS 0x0000000081a00000| PB 0x0000000081a00000| Untracked 
|  27|0x0000000081b00000, 0x0000000081c00000, 0x0000000081c00000|100%| O|  |TAMS 0x0000000081b00000| PB 0x0000000081b00000| Untracked 
|  28|0x0000000081c00000, 0x0000000081d00000, 0x0000000081d00000|100%| O|  |TAMS 0x0000000081c00000| PB 0x0000000081c00000| Untracked 
|  29|0x0000000081d00000, 0x0000000081e00000, 0x0000000081e00000|100%|HS|  |TAMS 0x0000000081d00000| PB 0x0000000081d00000| Complete 
|  30|0x0000000081e00000, 0x0000000081f00000, 0x0000000081f00000|100%|HC|  |TAMS 0x0000000081e00000| PB 0x0000000081e00000| Complete 
|  31|0x0000000081f00000, 0x0000000082000000, 0x0000000082000000|100%|HC|  |TAMS 0x0000000081f00000| PB 0x0000000081f00000| Complete 
|  32|0x0000000082000000, 0x0000000082100000, 0x0000000082100000|100%|HC|  |TAMS 0x0000000082000000| PB 0x0000000082000000| Complete 
|  33|0x0000000082100000, 0x0000000082200000, 0x0000000082200000|100%| O|  |TAMS 0x0000000082100000| PB 0x0000000082100000| Untracked 
|  34|0x0000000082200000, 0x0000000082300000, 0x0000000082300000|100%| O|  |TAMS 0x0000000082200000| PB 0x0000000082200000| Untracked 
|  35|0x0000000082300000, 0x0000000082400000, 0x0000000082400000|100%| O|  |TAMS 0x0000000082300000| PB 0x0000000082300000| Untracked 
|  36|0x0000000082400000, 0x0000000082500000, 0x0000000082500000|100%| O|  |TAMS 0x0000000082400000| PB 0x0000000082400000| Untracked 
|  37|0x0000000082500000, 0x0000000082600000, 0x0000000082600000|100%|HS|  |TAMS 0x0000000082500000| PB 0x0000000082500000| Complete 
|  38|0x0000000082600000, 0x0000000082700000, 0x0000000082700000|100%|HS|  |TAMS 0x0000000082600000| PB 0x0000000082600000| Complete 
|  39|0x0000000082700000, 0x0000000082800000, 0x0000000082800000|100%| O|  |TAMS 0x0000000082700000| PB 0x0000000082700000| Untracked 
|  40|0x0000000082800000, 0x0000000082900000, 0x0000000082900000|100%| O|  |TAMS 0x0000000082800000| PB 0x0000000082800000| Untracked 
|  41|0x0000000082900000, 0x0000000082a00000, 0x0000000082a00000|100%| O|  |TAMS 0x0000000082900000| PB 0x0000000082900000| Untracked 
|  42|0x0000000082a00000, 0x0000000082b00000, 0x0000000082b00000|100%| O|  |TAMS 0x0000000082a00000| PB 0x0000000082a00000| Untracked 
|  43|0x0000000082b00000, 0x0000000082c00000, 0x0000000082c00000|100%| O|  |TAMS 0x0000000082b00000| PB 0x0000000082b00000| Untracked 
|  44|0x0000000082c00000, 0x0000000082d00000, 0x0000000082d00000|100%| O|  |TAMS 0x0000000082c00000| PB 0x0000000082c00000| Untracked 
|  45|0x0000000082d00000, 0x0000000082e00000, 0x0000000082e00000|100%| O|  |TAMS 0x0000000082d00000| PB 0x0000000082d00000| Untracked 
|  46|0x0000000082e00000, 0x0000000082f00000, 0x0000000082f00000|100%| O|  |TAMS 0x0000000082e00000| PB 0x0000000082e00000| Untracked 
|  47|0x0000000082f00000, 0x0000000083000000, 0x0000000083000000|100%| O|  |TAMS 0x0000000082f00000| PB 0x0000000082f00000| Untracked 
|  48|0x0000000083000000, 0x0000000083100000, 0x0000000083100000|100%| O|  |TAMS 0x0000000083000000| PB 0x0000000083000000| Untracked 
|  49|0x0000000083100000, 0x0000000083200000, 0x0000000083200000|100%|HS|  |TAMS 0x0000000083100000| PB 0x0000000083100000| Complete 
|  50|0x0000000083200000, 0x0000000083300000, 0x0000000083300000|100%|HC|  |TAMS 0x0000000083200000| PB 0x0000000083200000| Complete 
|  51|0x0000000083300000, 0x0000000083400000, 0x0000000083400000|100%|HC|  |TAMS 0x0000000083300000| PB 0x0000000083300000| Complete 
|  52|0x0000000083400000, 0x0000000083500000, 0x0000000083500000|100%|HC|  |TAMS 0x0000000083400000| PB 0x0000000083400000| Complete 
|  53|0x0000000083500000, 0x0000000083600000, 0x0000000083600000|100%| O|  |TAMS 0x0000000083500000| PB 0x0000000083500000| Untracked 
|  54|0x0000000083600000, 0x0000000083700000, 0x0000000083700000|100%| O|  |TAMS 0x0000000083600000| PB 0x0000000083600000| Untracked 
|  55|0x0000000083700000, 0x0000000083800000, 0x0000000083800000|100%| O|  |TAMS 0x0000000083700000| PB 0x0000000083700000| Untracked 
|  56|0x0000000083800000, 0x0000000083900000, 0x0000000083900000|100%| O|  |TAMS 0x0000000083800000| PB 0x0000000083800000| Untracked 
|  57|0x0000000083900000, 0x0000000083a00000, 0x0000000083a00000|100%| O|  |TAMS 0x0000000083900000| PB 0x0000000083900000| Untracked 
|  58|0x0000000083a00000, 0x0000000083b00000, 0x0000000083b00000|100%| O|  |TAMS 0x0000000083a00000| PB 0x0000000083a00000| Untracked 
|  59|0x0000000083b00000, 0x0000000083c00000, 0x0000000083c00000|100%| O|  |TAMS 0x0000000083b00000| PB 0x0000000083b00000| Untracked 
|  60|0x0000000083c00000, 0x0000000083d00000, 0x0000000083d00000|100%| O|  |TAMS 0x0000000083c00000| PB 0x0000000083c00000| Untracked 
|  61|0x0000000083d00000, 0x0000000083e00000, 0x0000000083e00000|100%| O|  |TAMS 0x0000000083d00000| PB 0x0000000083d00000| Untracked 
|  62|0x0000000083e00000, 0x0000000083f00000, 0x0000000083f00000|100%| O|  |TAMS 0x0000000083e00000| PB 0x0000000083e00000| Untracked 
|  63|0x0000000083f00000, 0x0000000084000000, 0x0000000084000000|100%| O|  |TAMS 0x0000000083f00000| PB 0x0000000083f00000| Untracked 
|  64|0x0000000084000000, 0x0000000084100000, 0x0000000084100000|100%| O|  |TAMS 0x0000000084000000| PB 0x0000000084000000| Untracked 
|  65|0x0000000084100000, 0x0000000084200000, 0x0000000084200000|100%| O|Cm|TAMS 0x0000000084100000| PB 0x0000000084100000| Complete 
|  66|0x0000000084200000, 0x0000000084300000, 0x0000000084300000|100%|HS|  |TAMS 0x0000000084200000| PB 0x0000000084200000| Complete 
|  67|0x0000000084300000, 0x0000000084400000, 0x0000000084400000|100%| O|  |TAMS 0x0000000084300000| PB 0x0000000084300000| Untracked 
|  68|0x0000000084400000, 0x0000000084500000, 0x0000000084500000|100%| O|  |TAMS 0x0000000084400000| PB 0x0000000084400000| Untracked 
|  69|0x0000000084500000, 0x0000000084600000, 0x0000000084600000|100%| O|  |TAMS 0x0000000084500000| PB 0x0000000084500000| Untracked 
|  70|0x0000000084600000, 0x0000000084700000, 0x0000000084700000|100%| O|  |TAMS 0x0000000084600000| PB 0x0000000084600000| Untracked 
|  71|0x0000000084700000, 0x0000000084800000, 0x0000000084800000|100%| O|  |TAMS 0x0000000084700000| PB 0x0000000084700000| Untracked 
|  72|0x0000000084800000, 0x0000000084900000, 0x0000000084900000|100%| O|  |TAMS 0x0000000084800000| PB 0x0000000084800000| Untracked 
|  73|0x0000000084900000, 0x0000000084a00000, 0x0000000084a00000|100%| O|  |TAMS 0x0000000084900000| PB 0x0000000084900000| Untracked 
|  74|0x0000000084a00000, 0x0000000084b00000, 0x0000000084b00000|100%| O|  |TAMS 0x0000000084a00000| PB 0x0000000084a00000| Untracked 
|  75|0x0000000084b00000, 0x0000000084c00000, 0x0000000084c00000|100%| O|  |TAMS 0x0000000084b00000| PB 0x0000000084b00000| Untracked 
|  76|0x0000000084c00000, 0x0000000084d00000, 0x0000000084d00000|100%| O|  |TAMS 0x0000000084c00000| PB 0x0000000084c00000| Untracked 
|  77|0x0000000084d00000, 0x0000000084e00000, 0x0000000084e00000|100%| O|  |TAMS 0x0000000084d00000| PB 0x0000000084d00000| Untracked 
|  78|0x0000000084e00000, 0x0000000084f00000, 0x0000000084f00000|100%| O|Cm|TAMS 0x0000000084e00000| PB 0x0000000084e00000| Complete 
|  79|0x0000000084f00000, 0x0000000085000000, 0x0000000085000000|100%| O|Cm|TAMS 0x0000000084f00000| PB 0x0000000084f00000| Complete 
|  80|0x0000000085000000, 0x0000000085100000, 0x0000000085100000|100%| O|Cm|TAMS 0x0000000085000000| PB 0x0000000085000000| Complete 
|  81|0x0000000085100000, 0x0000000085200000, 0x0000000085200000|100%| O|  |TAMS 0x0000000085100000| PB 0x0000000085100000| Untracked 
|  82|0x0000000085200000, 0x0000000085300000, 0x0000000085300000|100%| O|Cm|TAMS 0x0000000085200000| PB 0x0000000085200000| Complete 
|  83|0x0000000085300000, 0x0000000085400000, 0x0000000085400000|100%| O|  |TAMS 0x0000000085300000| PB 0x0000000085300000| Untracked 
|  84|0x0000000085400000, 0x0000000085500000, 0x0000000085500000|100%| O|  |TAMS 0x0000000085400000| PB 0x0000000085400000| Untracked 
|  85|0x0000000085500000, 0x0000000085600000, 0x0000000085600000|100%| O|  |TAMS 0x0000000085500000| PB 0x0000000085500000| Untracked 
|  86|0x0000000085600000, 0x0000000085700000, 0x0000000085700000|100%| O|  |TAMS 0x0000000085600000| PB 0x0000000085600000| Untracked 
|  87|0x0000000085700000, 0x0000000085800000, 0x0000000085800000|100%| O|  |TAMS 0x0000000085700000| PB 0x0000000085700000| Untracked 
|  88|0x0000000085800000, 0x0000000085900000, 0x0000000085900000|100%| O|  |TAMS 0x0000000085800000| PB 0x0000000085800000| Untracked 
|  89|0x0000000085900000, 0x0000000085a00000, 0x0000000085a00000|100%| O|  |TAMS 0x0000000085900000| PB 0x0000000085900000| Untracked 
|  90|0x0000000085a00000, 0x0000000085b00000, 0x0000000085b00000|100%| O|  |TAMS 0x0000000085a00000| PB 0x0000000085a00000| Untracked 
|  91|0x0000000085b00000, 0x0000000085c00000, 0x0000000085c00000|100%| O|  |TAMS 0x0000000085b00000| PB 0x0000000085b00000| Untracked 
|  92|0x0000000085c00000, 0x0000000085d00000, 0x0000000085d00000|100%| O|  |TAMS 0x0000000085c00000| PB 0x0000000085c00000| Untracked 
|  93|0x0000000085d00000, 0x0000000085e00000, 0x0000000085e00000|100%| O|  |TAMS 0x0000000085d00000| PB 0x0000000085d00000| Untracked 
|  94|0x0000000085e00000, 0x0000000085f00000, 0x0000000085f00000|100%| O|  |TAMS 0x0000000085e00000| PB 0x0000000085e00000| Untracked 
|  95|0x0000000085f00000, 0x0000000086000000, 0x0000000086000000|100%| O|  |TAMS 0x0000000085f00000| PB 0x0000000085f00000| Untracked 
|  96|0x0000000086000000, 0x00000000860dd148, 0x0000000086100000| 86%| O|  |TAMS 0x0000000086000000| PB 0x0000000086000000| Untracked 
|  97|0x0000000086100000, 0x0000000086100000, 0x0000000086200000|  0%| F|  |TAMS 0x0000000086100000| PB 0x0000000086100000| Untracked 
|  98|0x0000000086200000, 0x0000000086200000, 0x0000000086300000|  0%| F|  |TAMS 0x0000000086200000| PB 0x0000000086200000| Untracked 
|  99|0x0000000086300000, 0x0000000086400000, 0x0000000086400000|100%| O|  |TAMS 0x0000000086300000| PB 0x0000000086300000| Untracked 
| 100|0x0000000086400000, 0x0000000086500000, 0x0000000086500000|100%| O|  |TAMS 0x0000000086400000| PB 0x0000000086400000| Untracked 
| 101|0x0000000086500000, 0x0000000086600000, 0x0000000086600000|100%| O|  |TAMS 0x0000000086500000| PB 0x0000000086500000| Untracked 
| 102|0x0000000086600000, 0x0000000086700000, 0x0000000086700000|100%| O|  |TAMS 0x0000000086600000| PB 0x0000000086600000| Untracked 
| 103|0x0000000086700000, 0x0000000086800000, 0x0000000086800000|100%| O|  |TAMS 0x0000000086700000| PB 0x0000000086700000| Untracked 
| 104|0x0000000086800000, 0x0000000086900000, 0x0000000086900000|100%| O|  |TAMS 0x0000000086800000| PB 0x0000000086800000| Untracked 
| 105|0x0000000086900000, 0x0000000086a00000, 0x0000000086a00000|100%| O|  |TAMS 0x0000000086900000| PB 0x0000000086900000| Untracked 
| 106|0x0000000086a00000, 0x0000000086a00000, 0x0000000086b00000|  0%| F|  |TAMS 0x0000000086a00000| PB 0x0000000086a00000| Untracked 
| 107|0x0000000086b00000, 0x0000000086b00000, 0x0000000086c00000|  0%| F|  |TAMS 0x0000000086b00000| PB 0x0000000086b00000| Untracked 
| 108|0x0000000086c00000, 0x0000000086c00000, 0x0000000086d00000|  0%| F|  |TAMS 0x0000000086c00000| PB 0x0000000086c00000| Untracked 
| 109|0x0000000086d00000, 0x0000000086d00000, 0x0000000086e00000|  0%| F|  |TAMS 0x0000000086d00000| PB 0x0000000086d00000| Untracked 
| 110|0x0000000086e00000, 0x0000000086e00000, 0x0000000086f00000|  0%| F|  |TAMS 0x0000000086e00000| PB 0x0000000086e00000| Untracked 
| 111|0x0000000086f00000, 0x0000000086f00000, 0x0000000087000000|  0%| F|  |TAMS 0x0000000086f00000| PB 0x0000000086f00000| Untracked 
| 112|0x0000000087000000, 0x0000000087000000, 0x0000000087100000|  0%| F|  |TAMS 0x0000000087000000| PB 0x0000000087000000| Untracked 
| 113|0x0000000087100000, 0x0000000087100000, 0x0000000087200000|  0%| F|  |TAMS 0x0000000087100000| PB 0x0000000087100000| Untracked 
| 114|0x0000000087200000, 0x0000000087200000, 0x0000000087300000|  0%| F|  |TAMS 0x0000000087200000| PB 0x0000000087200000| Untracked 
| 115|0x0000000087300000, 0x0000000087300000, 0x0000000087400000|  0%| F|  |TAMS 0x0000000087300000| PB 0x0000000087300000| Untracked 
| 116|0x0000000087400000, 0x0000000087400000, 0x0000000087500000|  0%| F|  |TAMS 0x0000000087400000| PB 0x0000000087400000| Untracked 
| 117|0x0000000087500000, 0x0000000087500000, 0x0000000087600000|  0%| F|  |TAMS 0x0000000087500000| PB 0x0000000087500000| Untracked 
| 118|0x0000000087600000, 0x0000000087600000, 0x0000000087700000|  0%| F|  |TAMS 0x0000000087600000| PB 0x0000000087600000| Untracked 
| 119|0x0000000087700000, 0x0000000087700000, 0x0000000087800000|  0%| F|  |TAMS 0x0000000087700000| PB 0x0000000087700000| Untracked 
| 120|0x0000000087800000, 0x0000000087800000, 0x0000000087900000|  0%| F|  |TAMS 0x0000000087800000| PB 0x0000000087800000| Untracked 
| 121|0x0000000087900000, 0x0000000087900000, 0x0000000087a00000|  0%| F|  |TAMS 0x0000000087900000| PB 0x0000000087900000| Untracked 
| 122|0x0000000087a00000, 0x0000000087a00000, 0x0000000087b00000|  0%| F|  |TAMS 0x0000000087a00000| PB 0x0000000087a00000| Untracked 
| 123|0x0000000087b00000, 0x0000000087b00000, 0x0000000087c00000|  0%| F|  |TAMS 0x0000000087b00000| PB 0x0000000087b00000| Untracked 
| 124|0x0000000087c00000, 0x0000000087c00000, 0x0000000087d00000|  0%| F|  |TAMS 0x0000000087c00000| PB 0x0000000087c00000| Untracked 
| 125|0x0000000087d00000, 0x0000000087d00000, 0x0000000087e00000|  0%| F|  |TAMS 0x0000000087d00000| PB 0x0000000087d00000| Untracked 
| 126|0x0000000087e00000, 0x0000000087e00000, 0x0000000087f00000|  0%| F|  |TAMS 0x0000000087e00000| PB 0x0000000087e00000| Untracked 
| 127|0x0000000087f00000, 0x0000000087f00000, 0x0000000088000000|  0%| F|  |TAMS 0x0000000087f00000| PB 0x0000000087f00000| Untracked 
| 128|0x0000000088000000, 0x0000000088000000, 0x0000000088100000|  0%| F|  |TAMS 0x0000000088000000| PB 0x0000000088000000| Untracked 
| 129|0x0000000088100000, 0x0000000088100000, 0x0000000088200000|  0%| F|  |TAMS 0x0000000088100000| PB 0x0000000088100000| Untracked 
| 130|0x0000000088200000, 0x0000000088200000, 0x0000000088300000|  0%| F|  |TAMS 0x0000000088200000| PB 0x0000000088200000| Untracked 
| 131|0x0000000088300000, 0x0000000088300000, 0x0000000088400000|  0%| F|  |TAMS 0x0000000088300000| PB 0x0000000088300000| Untracked 
| 132|0x0000000088400000, 0x0000000088400000, 0x0000000088500000|  0%| F|  |TAMS 0x0000000088400000| PB 0x0000000088400000| Untracked 
| 133|0x0000000088500000, 0x0000000088500000, 0x0000000088600000|  0%| F|  |TAMS 0x0000000088500000| PB 0x0000000088500000| Untracked 
| 134|0x0000000088600000, 0x0000000088600000, 0x0000000088700000|  0%| F|  |TAMS 0x0000000088600000| PB 0x0000000088600000| Untracked 
| 135|0x0000000088700000, 0x0000000088700000, 0x0000000088800000|  0%| F|  |TAMS 0x0000000088700000| PB 0x0000000088700000| Untracked 
| 136|0x0000000088800000, 0x0000000088800000, 0x0000000088900000|  0%| F|  |TAMS 0x0000000088800000| PB 0x0000000088800000| Untracked 
| 137|0x0000000088900000, 0x0000000088900000, 0x0000000088a00000|  0%| F|  |TAMS 0x0000000088900000| PB 0x0000000088900000| Untracked 
| 138|0x0000000088a00000, 0x0000000088a00000, 0x0000000088b00000|  0%| F|  |TAMS 0x0000000088a00000| PB 0x0000000088a00000| Untracked 
| 139|0x0000000088b00000, 0x0000000088b00000, 0x0000000088c00000|  0%| F|  |TAMS 0x0000000088b00000| PB 0x0000000088b00000| Untracked 
| 140|0x0000000088c00000, 0x0000000088c00000, 0x0000000088d00000|  0%| F|  |TAMS 0x0000000088c00000| PB 0x0000000088c00000| Untracked 
| 141|0x0000000088d00000, 0x0000000088d00000, 0x0000000088e00000|  0%| F|  |TAMS 0x0000000088d00000| PB 0x0000000088d00000| Untracked 
| 142|0x0000000088e00000, 0x0000000088e00000, 0x0000000088f00000|  0%| F|  |TAMS 0x0000000088e00000| PB 0x0000000088e00000| Untracked 
| 143|0x0000000088f00000, 0x0000000088f00000, 0x0000000089000000|  0%| F|  |TAMS 0x0000000088f00000| PB 0x0000000088f00000| Untracked 
| 144|0x0000000089000000, 0x0000000089000000, 0x0000000089100000|  0%| F|  |TAMS 0x0000000089000000| PB 0x0000000089000000| Untracked 
| 145|0x0000000089100000, 0x0000000089168190, 0x0000000089200000| 40%| S|CS|TAMS 0x0000000089100000| PB 0x0000000089100000| Complete 
| 146|0x0000000089200000, 0x0000000089300000, 0x0000000089300000|100%| S|CS|TAMS 0x0000000089200000| PB 0x0000000089200000| Complete 
| 147|0x0000000089300000, 0x0000000089400000, 0x0000000089400000|100%| S|CS|TAMS 0x0000000089300000| PB 0x0000000089300000| Complete 
| 148|0x0000000089400000, 0x0000000089500000, 0x0000000089500000|100%| S|CS|TAMS 0x0000000089400000| PB 0x0000000089400000| Complete 
| 149|0x0000000089500000, 0x0000000089600000, 0x0000000089600000|100%| S|CS|TAMS 0x0000000089500000| PB 0x0000000089500000| Complete 
| 150|0x0000000089600000, 0x0000000089700000, 0x0000000089700000|100%| S|CS|TAMS 0x0000000089600000| PB 0x0000000089600000| Complete 
| 151|0x0000000089700000, 0x0000000089700000, 0x0000000089800000|  0%| F|  |TAMS 0x0000000089700000| PB 0x0000000089700000| Untracked 
| 152|0x0000000089800000, 0x0000000089800000, 0x0000000089900000|  0%| F|  |TAMS 0x0000000089800000| PB 0x0000000089800000| Untracked 
| 153|0x0000000089900000, 0x0000000089900000, 0x0000000089a00000|  0%| F|  |TAMS 0x0000000089900000| PB 0x0000000089900000| Untracked 
| 154|0x0000000089a00000, 0x0000000089a00000, 0x0000000089b00000|  0%| F|  |TAMS 0x0000000089a00000| PB 0x0000000089a00000| Untracked 
| 155|0x0000000089b00000, 0x0000000089b00000, 0x0000000089c00000|  0%| F|  |TAMS 0x0000000089b00000| PB 0x0000000089b00000| Untracked 
| 156|0x0000000089c00000, 0x0000000089c00000, 0x0000000089d00000|  0%| F|  |TAMS 0x0000000089c00000| PB 0x0000000089c00000| Untracked 
| 157|0x0000000089d00000, 0x0000000089d00000, 0x0000000089e00000|  0%| F|  |TAMS 0x0000000089d00000| PB 0x0000000089d00000| Untracked 
| 158|0x0000000089e00000, 0x0000000089e00000, 0x0000000089f00000|  0%| F|  |TAMS 0x0000000089e00000| PB 0x0000000089e00000| Untracked 
| 159|0x0000000089f00000, 0x0000000089f00000, 0x000000008a000000|  0%| F|  |TAMS 0x0000000089f00000| PB 0x0000000089f00000| Untracked 
| 160|0x000000008a000000, 0x000000008a000000, 0x000000008a100000|  0%| F|  |TAMS 0x000000008a000000| PB 0x000000008a000000| Untracked 
| 161|0x000000008a100000, 0x000000008a100000, 0x000000008a200000|  0%| F|  |TAMS 0x000000008a100000| PB 0x000000008a100000| Untracked 
| 162|0x000000008a200000, 0x000000008a200000, 0x000000008a300000|  0%| F|  |TAMS 0x000000008a200000| PB 0x000000008a200000| Untracked 
| 163|0x000000008a300000, 0x000000008a300000, 0x000000008a400000|  0%| F|  |TAMS 0x000000008a300000| PB 0x000000008a300000| Untracked 
| 164|0x000000008a400000, 0x000000008a400000, 0x000000008a500000|  0%| F|  |TAMS 0x000000008a400000| PB 0x000000008a400000| Untracked 
| 165|0x000000008a500000, 0x000000008a500000, 0x000000008a600000|  0%| F|  |TAMS 0x000000008a500000| PB 0x000000008a500000| Untracked 
| 166|0x000000008a600000, 0x000000008a600000, 0x000000008a700000|  0%| F|  |TAMS 0x000000008a600000| PB 0x000000008a600000| Untracked 
| 167|0x000000008a700000, 0x000000008a700000, 0x000000008a800000|  0%| F|  |TAMS 0x000000008a700000| PB 0x000000008a700000| Untracked 
| 168|0x000000008a800000, 0x000000008a800000, 0x000000008a900000|  0%| F|  |TAMS 0x000000008a800000| PB 0x000000008a800000| Untracked 
| 263|0x0000000090700000, 0x0000000090700000, 0x0000000090800000|  0%| F|  |TAMS 0x0000000090700000| PB 0x0000000090700000| Untracked 
| 264|0x0000000090800000, 0x0000000090800000, 0x0000000090900000|  0%| F|  |TAMS 0x0000000090800000| PB 0x0000000090800000| Untracked 
| 265|0x0000000090900000, 0x0000000090900000, 0x0000000090a00000|  0%| F|  |TAMS 0x0000000090900000| PB 0x0000000090900000| Untracked 
| 266|0x0000000090a00000, 0x0000000090a00000, 0x0000000090b00000|  0%| F|  |TAMS 0x0000000090a00000| PB 0x0000000090a00000| Untracked 
| 267|0x0000000090b00000, 0x0000000090b00000, 0x0000000090c00000|  0%| F|  |TAMS 0x0000000090b00000| PB 0x0000000090b00000| Untracked 
| 268|0x0000000090c00000, 0x0000000090c00000, 0x0000000090d00000|  0%| F|  |TAMS 0x0000000090c00000| PB 0x0000000090c00000| Untracked 
| 269|0x0000000090d00000, 0x0000000090d00000, 0x0000000090e00000|  0%| F|  |TAMS 0x0000000090d00000| PB 0x0000000090d00000| Untracked 
| 270|0x0000000090e00000, 0x0000000090e00000, 0x0000000090f00000|  0%| F|  |TAMS 0x0000000090e00000| PB 0x0000000090e00000| Untracked 
| 271|0x0000000090f00000, 0x0000000090f00000, 0x0000000091000000|  0%| F|  |TAMS 0x0000000090f00000| PB 0x0000000090f00000| Untracked 
| 272|0x0000000091000000, 0x0000000091000000, 0x0000000091100000|  0%| F|  |TAMS 0x0000000091000000| PB 0x0000000091000000| Untracked 
| 273|0x0000000091100000, 0x0000000091100000, 0x0000000091200000|  0%| F|  |TAMS 0x0000000091100000| PB 0x0000000091100000| Untracked 
| 274|0x0000000091200000, 0x0000000091200000, 0x0000000091300000|  0%| F|  |TAMS 0x0000000091200000| PB 0x0000000091200000| Untracked 
| 275|0x0000000091300000, 0x0000000091300000, 0x0000000091400000|  0%| F|  |TAMS 0x0000000091300000| PB 0x0000000091300000| Untracked 
| 381|0x0000000097d00000, 0x0000000097d00000, 0x0000000097e00000|  0%| F|  |TAMS 0x0000000097d00000| PB 0x0000000097d00000| Untracked 
|2024|0x00000000fe800000, 0x00000000fe900000, 0x00000000fe900000|100%| O|Cm|TAMS 0x00000000fe800000| PB 0x00000000fe800000| Complete 
|2025|0x00000000fe900000, 0x00000000fea00000, 0x00000000fea00000|100%| O|  |TAMS 0x00000000fe900000| PB 0x00000000fe900000| Untracked 
|2026|0x00000000fea00000, 0x00000000feb00000, 0x00000000feb00000|100%| O|  |TAMS 0x00000000fea00000| PB 0x00000000fea00000| Untracked 
|2027|0x00000000feb00000, 0x00000000feb00000, 0x00000000fec00000|  0%| F|  |TAMS 0x00000000feb00000| PB 0x00000000feb00000| Untracked 
|2028|0x00000000fec00000, 0x00000000fec00000, 0x00000000fed00000|  0%| F|  |TAMS 0x00000000fec00000| PB 0x00000000fec00000| Untracked 
|2029|0x00000000fed00000, 0x00000000fed00000, 0x00000000fee00000|  0%| F|  |TAMS 0x00000000fed00000| PB 0x00000000fed00000| Untracked 
|2030|0x00000000fee00000, 0x00000000fef00000, 0x00000000fef00000|100%| O|  |TAMS 0x00000000fee00000| PB 0x00000000fee00000| Untracked 
|2031|0x00000000fef00000, 0x00000000ff000000, 0x00000000ff000000|100%| E|  |TAMS 0x00000000fef00000| PB 0x00000000fef00000| Complete 
|2032|0x00000000ff000000, 0x00000000ff100000, 0x00000000ff100000|100%| O|Cm|TAMS 0x00000000ff000000| PB 0x00000000ff000000| Complete 
|2033|0x00000000ff100000, 0x00000000ff200000, 0x00000000ff200000|100%| O|  |TAMS 0x00000000ff100000| PB 0x00000000ff100000| Untracked 
|2034|0x00000000ff200000, 0x00000000ff300000, 0x00000000ff300000|100%| O|  |TAMS 0x00000000ff200000| PB 0x00000000ff200000| Untracked 
|2035|0x00000000ff300000, 0x00000000ff400000, 0x00000000ff400000|100%| O|  |TAMS 0x00000000ff300000| PB 0x00000000ff300000| Untracked 
|2036|0x00000000ff400000, 0x00000000ff500000, 0x00000000ff500000|100%| E|CS|TAMS 0x00000000ff400000| PB 0x00000000ff400000| Complete 
|2037|0x00000000ff500000, 0x00000000ff600000, 0x00000000ff600000|100%| O|  |TAMS 0x00000000ff500000| PB 0x00000000ff500000| Untracked 
|2038|0x00000000ff600000, 0x00000000ff700000, 0x00000000ff700000|100%| O|  |TAMS 0x00000000ff600000| PB 0x00000000ff600000| Untracked 
|2039|0x00000000ff700000, 0x00000000ff800000, 0x00000000ff800000|100%| O|  |TAMS 0x00000000ff700000| PB 0x00000000ff700000| Untracked 
|2040|0x00000000ff800000, 0x00000000ff900000, 0x00000000ff900000|100%| O|  |TAMS 0x00000000ff800000| PB 0x00000000ff800000| Untracked 
|2041|0x00000000ff900000, 0x00000000ffa00000, 0x00000000ffa00000|100%| O|  |TAMS 0x00000000ff900000| PB 0x00000000ff900000| Untracked 
|2042|0x00000000ffa00000, 0x00000000ffb00000, 0x00000000ffb00000|100%| O|  |TAMS 0x00000000ffa00000| PB 0x00000000ffa00000| Untracked 
|2043|0x00000000ffb00000, 0x00000000ffc00000, 0x00000000ffc00000|100%| O|  |TAMS 0x00000000ffb00000| PB 0x00000000ffb00000| Untracked 
|2044|0x00000000ffc00000, 0x00000000ffd00000, 0x00000000ffd00000|100%| O|  |TAMS 0x00000000ffc00000| PB 0x00000000ffc00000| Untracked 
|2045|0x00000000ffd00000, 0x00000000ffe00000, 0x00000000ffe00000|100%| O|  |TAMS 0x00000000ffd00000| PB 0x00000000ffd00000| Untracked 
|2046|0x00000000ffe00000, 0x00000000fff00000, 0x00000000fff00000|100%| O|  |TAMS 0x00000000ffe00000| PB 0x00000000ffe00000| Untracked 
|2047|0x00000000fff00000, 0x0000000100000000, 0x0000000100000000|100%| O|  |TAMS 0x00000000fff00000| PB 0x00000000fff00000| Untracked 

Card table byte_map: [0x000002a850490000,0x000002a850890000] _byte_map_base: 0x000002a850090000

Marking Bits: (CMBitMap*) 0x000002a83d6581f0
 Bits: [0x000002a850890000, 0x000002a852890000)

Polling page: 0x000002a83b590000

Metaspace:

Usage:
  Non-class:     83.24 MB used.
      Class:     13.13 MB used.
       Both:     96.37 MB used.

Virtual space:
  Non-class space:      128.00 MB reserved,      84.25 MB ( 66%) committed,  2 nodes.
      Class space:        1.00 GB reserved,      14.12 MB (  1%) committed,  1 nodes.
             Both:        1.12 GB reserved,      98.38 MB (  9%) committed. 

Chunk freelists:
   Non-Class:  11.32 MB
       Class:  1.82 MB
        Both:  13.14 MB

MaxMetaspaceSize: unlimited
CompressedClassSpaceSize: 1.00 GB
Initial GC threshold: 21.00 MB
Current GC threshold: 163.69 MB
CDS: on
 - commit_granule_bytes: 65536.
 - commit_granule_words: 8192.
 - virtual_space_node_default_size: 8388608.
 - enlarge_chunks_in_place: 1.
 - use_allocation_guard: 0.


Internal statistics:

num_allocs_failed_limit: 6.
num_arena_births: 3776.
num_arena_deaths: 0.
num_vsnodes_births: 3.
num_vsnodes_deaths: 0.
num_space_committed: 1572.
num_space_uncommitted: 0.
num_chunks_returned_to_freelist: 6.
num_chunks_taken_from_freelist: 8300.
num_chunk_merges: 6.
num_chunk_splits: 5434.
num_chunks_enlarged: 3432.
num_inconsistent_stats: 0.

CodeHeap 'non-profiled nmethods': size=119168Kb used=7369Kb max_used=8046Kb free=111798Kb
 bounds [0x000002a8483a0000, 0x000002a848ba0000, 0x000002a84f800000]
CodeHeap 'profiled nmethods': size=119104Kb used=20341Kb max_used=25205Kb free=98762Kb
 bounds [0x000002a840800000, 0x000002a8420a0000, 0x000002a847c50000]
CodeHeap 'non-nmethods': size=7488Kb used=2715Kb max_used=4467Kb free=4773Kb
 bounds [0x000002a847c50000, 0x000002a848120000, 0x000002a8483a0000]
CodeCache: size=245760Kb, used=30425Kb, max_used=37718Kb, free=215333Kb
 total_blobs=11219, nmethods=10251, adapters=871, full_count=0
Compilation: enabled, stopped_count=0, restarted_count=0

Compilation events (20 events):
Event: 741.128 Thread 0x000002a85595b6b0 nmethod 15069 0x000002a8483cb210 code [0x000002a8483cb3c0, 0x000002a8483cb660]
Event: 741.128 Thread 0x000002a85595b6b0 15083       4       java.util.ArrayList::hashCode (22 bytes)
Event: 741.129 Thread 0x000002a8a2f2b030 15084       1       org.gradle.internal.graph.CachingDirectedGraphWalker$NodeDetails::access$300 (5 bytes)
Event: 741.129 Thread 0x000002a8a2f2b030 nmethod 15084 0x000002a8485c1e10 code [0x000002a8485c1fa0, 0x000002a8485c2050]
Event: 741.130 Thread 0x000002a85595b6b0 nmethod 15083 0x000002a848602c90 code [0x000002a848602e40, 0x000002a848603050]
Event: 741.142 Thread 0x000002a85595b6b0 15085       4       org.gradle.internal.hash.HashCode$HashCode128::equals (57 bytes)
Event: 741.143 Thread 0x000002a85595b6b0 nmethod 15085 0x000002a848553690 code [0x000002a848553820, 0x000002a848553938]
Event: 741.143 Thread 0x000002a8a2f2cb70 15087       3       org.codehaus.groovy.runtime.metaclass.MetaClassRegistryImpl::getMetaClass (8 bytes)
Event: 741.143 Thread 0x000002a8a2f2e6b0 15088   !   3       org.codehaus.groovy.reflection.ClassInfo::getMetaClass (33 bytes)
Event: 741.143 Thread 0x000002a8a2f2b030 15089       3       org.codehaus.groovy.reflection.ClassInfo::getMetaClassForClass (27 bytes)
Event: 741.143 Thread 0x000002a855977ed0 15090       3       org.codehaus.groovy.reflection.ClassInfo::isValidWeakMetaClass (13 bytes)
Event: 741.143 Thread 0x000002a85595b6b0 15086   !   4       org.gradle.cache.internal.LockOnDemandCrossProcessCacheAccess::incrementLockCount (193 bytes)
Event: 741.143 Thread 0x000002a855977ed0 nmethod 15090 0x000002a840a94d10 code [0x000002a840a94ee0, 0x000002a840a95358]
Event: 741.143 Thread 0x000002a8a2f2b030 nmethod 15089 0x000002a8408d4790 code [0x000002a8408d49c0, 0x000002a8408d5270]
Event: 741.143 Thread 0x000002a8a2f2e6b0 nmethod 15088 0x000002a840ae2090 code [0x000002a840ae2360, 0x000002a840ae3170]
Event: 741.143 Thread 0x000002a8a2f2cb70 nmethod 15087 0x000002a840f60a10 code [0x000002a840f60d20, 0x000002a840f61da8]
Event: 741.144 Thread 0x000002a8a2f2cb70 15091       3       java.util.concurrent.atomic.AtomicInteger::compareAndSet (13 bytes)
Event: 741.144 Thread 0x000002a8a2f2cb70 nmethod 15091 0x000002a840ad4c90 code [0x000002a840ad4e20, 0x000002a840ad4f48]
Event: 741.148 Thread 0x000002a8a2f2cb70 15093       3       com.google.common.cache.LocalCache$Strength$1::defaultEquivalence (4 bytes)
Event: 741.148 Thread 0x000002a8a2f2cb70 nmethod 15093 0x000002a840cebb90 code [0x000002a840cebd40, 0x000002a840cebeb0]

GC Heap History (20 events):
Event: 14.461 GC heap before
{Heap before GC invocations=23 (full 0):
 garbage-first heap   total 137216K, used 125047K [0x0000000080000000, 0x0000000100000000)
  region size 1024K, 45 young (46080K), 3 survivors (3072K)
 Metaspace       used 79348K, committed 81280K, reserved 1179648K
  class space    used 11345K, committed 12288K, reserved 1048576K
}
Event: 14.464 GC heap after
{Heap after GC invocations=24 (full 0):
 garbage-first heap   total 137216K, used 87241K [0x0000000080000000, 0x0000000100000000)
  region size 1024K, 6 young (6144K), 6 survivors (6144K)
 Metaspace       used 79348K, committed 81280K, reserved 1179648K
  class space    used 11345K, committed 12288K, reserved 1048576K
}
Event: 14.962 GC heap before
{Heap before GC invocations=25 (full 0):
 garbage-first heap   total 147456K, used 132297K [0x0000000080000000, 0x0000000100000000)
  region size 1024K, 44 young (45056K), 6 survivors (6144K)
 Metaspace       used 82655K, committed 84544K, reserved 1179648K
  class space    used 11666K, committed 12608K, reserved 1048576K
}
Event: 14.966 GC heap after
{Heap after GC invocations=26 (full 0):
 garbage-first heap   total 147456K, used 92631K [0x0000000080000000, 0x0000000100000000)
  region size 1024K, 6 young (6144K), 6 survivors (6144K)
 Metaspace       used 82655K, committed 84544K, reserved 1179648K
  class space    used 11666K, committed 12608K, reserved 1048576K
}
Event: 15.563 GC heap before
{Heap before GC invocations=26 (full 0):
 garbage-first heap   total 147456K, used 133591K [0x0000000080000000, 0x0000000100000000)
  region size 1024K, 46 young (47104K), 6 survivors (6144K)
 Metaspace       used 85212K, committed 87104K, reserved 1179648K
  class space    used 12030K, committed 12992K, reserved 1048576K
}
Event: 15.566 GC heap after
{Heap after GC invocations=27 (full 0):
 garbage-first heap   total 147456K, used 94861K [0x0000000080000000, 0x0000000100000000)
  region size 1024K, 4 young (4096K), 4 survivors (4096K)
 Metaspace       used 85212K, committed 87104K, reserved 1179648K
  class space    used 12030K, committed 12992K, reserved 1048576K
}
Event: 16.051 GC heap before
{Heap before GC invocations=27 (full 0):
 garbage-first heap   total 147456K, used 134797K [0x0000000080000000, 0x0000000100000000)
  region size 1024K, 43 young (44032K), 4 survivors (4096K)
 Metaspace       used 87768K, committed 89664K, reserved 1179648K
  class space    used 12401K, committed 13312K, reserved 1048576K
}
Event: 16.054 GC heap after
{Heap after GC invocations=28 (full 0):
 garbage-first heap   total 147456K, used 97104K [0x0000000080000000, 0x0000000100000000)
  region size 1024K, 6 young (6144K), 6 survivors (6144K)
 Metaspace       used 87768K, committed 89664K, reserved 1179648K
  class space    used 12401K, committed 13312K, reserved 1048576K
}
Event: 16.709 GC heap before
{Heap before GC invocations=29 (full 0):
 garbage-first heap   total 163840K, used 134992K [0x0000000080000000, 0x0000000100000000)
  region size 1024K, 44 young (45056K), 6 survivors (6144K)
 Metaspace       used 91738K, committed 93696K, reserved 1179648K
  class space    used 12903K, committed 13888K, reserved 1048576K
}
Event: 16.712 GC heap after
{Heap after GC invocations=30 (full 0):
 garbage-first heap   total 163840K, used 98737K [0x0000000080000000, 0x0000000100000000)
  region size 1024K, 5 young (5120K), 5 survivors (5120K)
 Metaspace       used 91738K, committed 93696K, reserved 1179648K
  class space    used 12903K, committed 13888K, reserved 1048576K
}
Event: 728.488 GC heap before
{Heap before GC invocations=30 (full 0):
 garbage-first heap   total 163840K, used 154033K [0x0000000080000000, 0x0000000100000000)
  region size 1024K, 55 young (56320K), 5 survivors (5120K)
 Metaspace       used 96019K, committed 97984K, reserved 1179648K
  class space    used 13207K, committed 14208K, reserved 1048576K
}
Event: 728.503 GC heap after
{Heap after GC invocations=31 (full 0):
 garbage-first heap   total 163840K, used 99728K [0x0000000080000000, 0x0000000100000000)
  region size 1024K, 4 young (4096K), 4 survivors (4096K)
 Metaspace       used 96019K, committed 97984K, reserved 1179648K
  class space    used 13207K, committed 14208K, reserved 1048576K
}
Event: 729.138 GC heap before
{Heap before GC invocations=31 (full 0):
 garbage-first heap   total 163840K, used 150928K [0x0000000080000000, 0x0000000100000000)
  region size 1024K, 55 young (56320K), 4 survivors (4096K)
 Metaspace       used 97337K, committed 99392K, reserved 1179648K
  class space    used 13337K, committed 14400K, reserved 1048576K
}
Event: 729.141 GC heap after
{Heap after GC invocations=32 (full 0):
 garbage-first heap   total 163840K, used 104587K [0x0000000080000000, 0x0000000100000000)
  region size 1024K, 7 young (7168K), 7 survivors (7168K)
 Metaspace       used 97337K, committed 99392K, reserved 1179648K
  class space    used 13337K, committed 14400K, reserved 1048576K
}
Event: 730.032 GC heap before
{Heap before GC invocations=33 (full 0):
 garbage-first heap   total 176128K, used 151691K [0x0000000080000000, 0x0000000100000000)
  region size 1024K, 53 young (54272K), 7 survivors (7168K)
 Metaspace       used 97835K, committed 99904K, reserved 1179648K
  class space    used 13372K, committed 14400K, reserved 1048576K
}
Event: 730.038 GC heap after
{Heap after GC invocations=34 (full 0):
 garbage-first heap   total 176128K, used 113454K [0x0000000080000000, 0x0000000100000000)
  region size 1024K, 7 young (7168K), 7 survivors (7168K)
 Metaspace       used 97835K, committed 99904K, reserved 1179648K
  class space    used 13372K, committed 14400K, reserved 1048576K
}
Event: 730.635 GC heap before
{Heap before GC invocations=34 (full 0):
 garbage-first heap   total 176128K, used 161582K [0x0000000080000000, 0x0000000100000000)
  region size 1024K, 53 young (54272K), 7 survivors (7168K)
 Metaspace       used 98291K, committed 100416K, reserved 1179648K
  class space    used 13428K, committed 14464K, reserved 1048576K
}
Event: 730.643 GC heap after
{Heap after GC invocations=35 (full 0):
 garbage-first heap   total 179200K, used 121718K [0x0000000080000000, 0x0000000100000000)
  region size 1024K, 7 young (7168K), 7 survivors (7168K)
 Metaspace       used 98291K, committed 100416K, reserved 1179648K
  class space    used 13428K, committed 14464K, reserved 1048576K
}
Event: 740.537 GC heap before
{Heap before GC invocations=35 (full 0):
 garbage-first heap   total 179200K, used 161654K [0x0000000080000000, 0x0000000100000000)
  region size 1024K, 47 young (48128K), 7 survivors (7168K)
 Metaspace       used 98505K, committed 100544K, reserved 1179648K
  class space    used 13440K, committed 14464K, reserved 1048576K
}
Event: 740.541 GC heap after
{Heap after GC invocations=36 (full 0):
 garbage-first heap   total 179200K, used 125881K [0x0000000080000000, 0x0000000100000000)
  region size 1024K, 6 young (6144K), 6 survivors (6144K)
 Metaspace       used 98505K, committed 100544K, reserved 1179648K
  class space    used 13440K, committed 14464K, reserved 1048576K
}

Dll operation events (14 events):
Event: 0.007 Loaded shared library C:\Users\aayus\.vscode\extensions\redhat.java-1.53.0-win32-x64\jre\21.0.10-win32-x86_64\bin\java.dll
Event: 0.067 Loaded shared library C:\Users\aayus\.vscode\extensions\redhat.java-1.53.0-win32-x64\jre\21.0.10-win32-x86_64\bin\zip.dll
Event: 0.086 Loaded shared library C:\Users\aayus\.vscode\extensions\redhat.java-1.53.0-win32-x64\jre\21.0.10-win32-x86_64\bin\instrument.dll
Event: 0.093 Loaded shared library C:\Users\aayus\.vscode\extensions\redhat.java-1.53.0-win32-x64\jre\21.0.10-win32-x86_64\bin\net.dll
Event: 0.096 Loaded shared library C:\Users\aayus\.vscode\extensions\redhat.java-1.53.0-win32-x64\jre\21.0.10-win32-x86_64\bin\nio.dll
Event: 0.100 Loaded shared library C:\Users\aayus\.vscode\extensions\redhat.java-1.53.0-win32-x64\jre\21.0.10-win32-x86_64\bin\zip.dll
Event: 0.286 Loaded shared library C:\Users\aayus\.vscode\extensions\redhat.java-1.53.0-win32-x64\jre\21.0.10-win32-x86_64\bin\jimage.dll
Event: 0.338 Loaded shared library C:\Users\aayus\.vscode\extensions\redhat.java-1.53.0-win32-x64\jre\21.0.10-win32-x86_64\bin\verify.dll
Event: 0.483 Loaded shared library C:\Users\aayus\.gradle\native\68d5fa5c4cc2d200863cafc0d521ce42e7d3e7ee720ec0a83991735586a16f82\windows-amd64\native-platform.dll
Event: 0.488 Loaded shared library C:\Users\aayus\.gradle\native\e376f236ea51e6404a007f0833ffe2c6e607c4080706a723a18a27aeea778392\windows-amd64\native-platform-file-events.dll
Event: 1.371 Loaded shared library C:\Users\aayus\.vscode\extensions\redhat.java-1.53.0-win32-x64\jre\21.0.10-win32-x86_64\bin\management.dll
Event: 1.374 Loaded shared library C:\Users\aayus\.vscode\extensions\redhat.java-1.53.0-win32-x64\jre\21.0.10-win32-x86_64\bin\management_ext.dll
Event: 1.577 Loaded shared library C:\Users\aayus\.vscode\extensions\redhat.java-1.53.0-win32-x64\jre\21.0.10-win32-x86_64\bin\extnet.dll
Event: 1.718 Loaded shared library C:\Users\aayus\.vscode\extensions\redhat.java-1.53.0-win32-x64\jre\21.0.10-win32-x86_64\bin\sunmscapi.dll

Deoptimization events (20 events):
Event: 740.727 Thread 0x000002a89e7a84f0 Uncommon trap: trap_request=0xfffffff4 fr.pc=0x000002a8488712cc relative=0x000000000000012c
Event: 740.727 Thread 0x000002a89e7a84f0 Uncommon trap: reason=null_check action=make_not_entrant pc=0x000002a8488712cc method=org.gradle.api.internal.collections.CollectionFilter.filter(Ljava/lang/Object;)Ljava/lang/Object; @ 5 c2
Event: 740.727 Thread 0x000002a89e7a84f0 DEOPT PACKING pc=0x000002a8488712cc sp=0x000000b0161f95f0
Event: 740.727 Thread 0x000002a89e7a84f0 DEOPT UNPACKING pc=0x000002a847ca4422 sp=0x000000b0161f9590 mode 2
Event: 740.891 Thread 0x000002a89e7a84f0 Uncommon trap: trap_request=0xffffffc6 fr.pc=0x000002a848943c48 relative=0x0000000000000f68
Event: 740.891 Thread 0x000002a89e7a84f0 Uncommon trap: reason=bimorphic_or_optimized_type_check action=maybe_recompile pc=0x000002a848943c48 method=sun.management.spi.PlatformMBeanProvider$PlatformComponent.getMBeans(Ljava/lang/Class;)Ljava/util/List; @ 26 c2
Event: 740.891 Thread 0x000002a89e7a84f0 DEOPT PACKING pc=0x000002a848943c48 sp=0x000000b0161fa830
Event: 740.891 Thread 0x000002a89e7a84f0 DEOPT UNPACKING pc=0x000002a847ca4422 sp=0x000000b0161fa7f8 mode 2
Event: 740.944 Thread 0x000002a89e7a84f0 DEOPT PACKING pc=0x000002a840f346f0 sp=0x000000b0161fb630
Event: 740.944 Thread 0x000002a89e7a84f0 DEOPT UNPACKING pc=0x000002a847ca4bc2 sp=0x000000b0161faa70 mode 0
Event: 740.955 Thread 0x000002a89e7a84f0 Uncommon trap: trap_request=0xffffff45 fr.pc=0x000002a8485904e8 relative=0x00000000000007e8
Event: 740.955 Thread 0x000002a89e7a84f0 Uncommon trap: reason=unstable_if action=reinterpret pc=0x000002a8485904e8 method=java.lang.ref.ReferenceQueue.poll()Ljava/lang/ref/Reference; @ 4 c2
Event: 740.955 Thread 0x000002a89e7a84f0 DEOPT PACKING pc=0x000002a8485904e8 sp=0x000000b0161fa6e0
Event: 740.955 Thread 0x000002a89e7a84f0 DEOPT UNPACKING pc=0x000002a847ca4422 sp=0x000000b0161fa538 mode 2
Event: 740.959 Thread 0x000002a89e7a84f0 Uncommon trap: trap_request=0xffffffc6 fr.pc=0x000002a8485a116c relative=0x00000000000002cc
Event: 740.959 Thread 0x000002a89e7a84f0 Uncommon trap: reason=bimorphic_or_optimized_type_check action=maybe_recompile pc=0x000002a8485a116c method=java.util.Spliterators$IteratorSpliterator.tryAdvance(Ljava/util/function/Consumer;)Z @ 50 c2
Event: 740.959 Thread 0x000002a89e7a84f0 DEOPT PACKING pc=0x000002a8485a116c sp=0x000000b0161fb660
Event: 740.959 Thread 0x000002a89e7a84f0 DEOPT UNPACKING pc=0x000002a847ca4422 sp=0x000000b0161fb600 mode 2
Event: 740.966 Thread 0x000002a89e7a84f0 DEOPT PACKING pc=0x000002a841bbc9d3 sp=0x000000b0161fa6d0
Event: 740.966 Thread 0x000002a89e7a84f0 DEOPT UNPACKING pc=0x000002a847ca4bc2 sp=0x000000b0161f9b80 mode 0

Classes loaded (20 events):
Event: 728.127 Loading class jdk/internal/math/FormattedFPDecimal
Event: 728.132 Loading class jdk/internal/math/FormattedFPDecimal done
Event: 728.411 Loading class java/util/stream/Streams$RangeIntSpliterator
Event: 728.413 Loading class java/util/stream/Streams$RangeIntSpliterator done
Event: 728.510 Loading class sun/reflect/MagicAccessorImpl
Event: 728.512 Loading class sun/reflect/MagicAccessorImpl done
Event: 728.949 Loading class java/util/stream/SortedOps
Event: 728.949 Loading class java/util/stream/SortedOps done
Event: 728.949 Loading class java/util/stream/SortedOps$OfRef
Event: 728.950 Loading class java/util/stream/ReferencePipeline$StatefulOp
Event: 728.950 Loading class java/util/stream/ReferencePipeline$StatefulOp done
Event: 728.950 Loading class java/util/stream/SortedOps$OfRef done
Event: 728.950 Loading class java/util/stream/SortedOps$RefSortingSink
Event: 728.950 Loading class java/util/stream/SortedOps$AbstractRefSortingSink
Event: 728.950 Loading class java/util/stream/SortedOps$AbstractRefSortingSink done
Event: 728.950 Loading class java/util/stream/SortedOps$RefSortingSink done
Event: 728.955 Loading class java/time/Ser
Event: 728.956 Loading class java/time/Ser done
Event: 729.408 Loading class java/util/TreeMap$EntrySpliterator
Event: 729.408 Loading class java/util/TreeMap$EntrySpliterator done

Classes unloaded (0 events):
No events

Classes redefined (0 events):
No events

Internal exceptions (20 events):
Event: 728.954 Thread 0x000002a89e7a6420 Exception <a 'java/lang/NoSuchMethodError'{0x0000000086653928}: static Lorg/gradle/internal/build/event/types/AbstractResult;.<clinit>()V> (0x0000000086653928) 
thrown [s\src\hotspot\share\prims\jni.cpp, line 1111]
Event: 728.954 Thread 0x000002a89e7a6420 Exception <a 'java/lang/NoSuchMethodError'{0x000000008665d698}: static Lorg/gradle/internal/build/event/types/DefaultPluginApplicationResult;.<clinit>()V> (0x000000008665d698) 
thrown [s\src\hotspot\share\prims\jni.cpp, line 1111]
Event: 728.954 Thread 0x000002a89e7a6420 Exception <a 'java/lang/NoSuchMethodError'{0x0000000086667cd8}: static Lorg/gradle/internal/build/event/types/DefaultBinaryPluginIdentifier;.<clinit>()V> (0x0000000086667cd8) 
thrown [s\src\hotspot\share\prims\jni.cpp, line 1111]
Event: 728.957 Thread 0x000002a89e7a6420 Exception <a 'java/lang/NoSuchMethodError'{0x00000000866db2c8}: static Lorg/gradle/internal/build/event/types/DefaultScriptPluginIdentifier;.<clinit>()V> (0x00000000866db2c8) 
thrown [s\src\hotspot\share\prims\jni.cpp, line 1111]
Event: 729.264 Thread 0x000002a89e7a84f0 Exception <a 'sun/nio/fs/WindowsException'{0x0000000090f64fc0}> (0x0000000090f64fc0) 
thrown [s\src\hotspot\share\prims\jni.cpp, line 520]
Event: 730.665 Thread 0x000002a8a0d71cf0 Exception <a 'sun/nio/fs/WindowsException'{0x00000000fef00d90}> (0x00000000fef00d90) 
thrown [s\src\hotspot\share\prims\jni.cpp, line 520]
Event: 730.731 Thread 0x000002a89e7a7140 Exception <a 'java/lang/NoSuchMethodError'{0x00000000fec29c38}: static Lorg/gradle/internal/classloader/FilteringClassLoader$Spec;.<clinit>()V> (0x00000000fec29c38) 
thrown [s\src\hotspot\share\prims\jni.cpp, line 1111]
Event: 730.733 Thread 0x000002a89e7a7140 Exception <a 'java/lang/NoSuchMethodError'{0x00000000fec45948}: static Lorg/gradle/internal/classloader/CachingClassLoader$Spec;.<clinit>()V> (0x00000000fec45948) 
thrown [s\src\hotspot\share\prims\jni.cpp, line 1111]
Event: 740.173 Thread 0x000002a89e7a84f0 Implicit null exception at 0x000002a848a66eda to 0x000002a848a66f2c
Event: 740.198 Thread 0x000002a89e7a84f0 Exception <a 'sun/nio/fs/WindowsException'{0x00000000febc9250}> (0x00000000febc9250) 
thrown [s\src\hotspot\share\prims\jni.cpp, line 520]
Event: 740.198 Thread 0x000002a89e7a84f0 Exception <a 'sun/nio/fs/WindowsException'{0x00000000febca730}> (0x00000000febca730) 
thrown [s\src\hotspot\share\prims\jni.cpp, line 520]
Event: 740.199 Thread 0x000002a89e7a84f0 Exception <a 'sun/nio/fs/WindowsException'{0x00000000febcbc00}> (0x00000000febcbc00) 
thrown [s\src\hotspot\share\prims\jni.cpp, line 520]
Event: 740.199 Thread 0x000002a89e7a84f0 Exception <a 'sun/nio/fs/WindowsException'{0x00000000febcd0b0}> (0x00000000febcd0b0) 
thrown [s\src\hotspot\share\prims\jni.cpp, line 520]
Event: 740.727 Thread 0x000002a89e7a84f0 Implicit null exception at 0x000002a8488711ec to 0x000002a8488712b8
Event: 740.783 Thread 0x000002a89e7a84f0 Exception <a 'sun/nio/fs/WindowsException'{0x0000000090cc5e60}> (0x0000000090cc5e60) 
thrown [s\src\hotspot\share\prims\jni.cpp, line 520]
Event: 740.974 Thread 0x000002a89cc46670 Exception <a 'sun/nio/fs/WindowsException'{0x000000008a200d90}> (0x000000008a200d90) 
thrown [s\src\hotspot\share\prims\jni.cpp, line 520]
Event: 741.125 Thread 0x000002a89e7a84f0 Exception <a 'sun/nio/fs/WindowsException'{0x000000008a038458}> (0x000000008a038458) 
thrown [s\src\hotspot\share\prims\jni.cpp, line 520]
Event: 741.125 Thread 0x000002a89e7a84f0 Exception <a 'sun/nio/fs/WindowsException'{0x000000008a039938}> (0x000000008a039938) 
thrown [s\src\hotspot\share\prims\jni.cpp, line 520]
Event: 741.126 Thread 0x000002a89e7a84f0 Exception <a 'sun/nio/fs/WindowsException'{0x000000008a03ae08}> (0x000000008a03ae08) 
thrown [s\src\hotspot\share\prims\jni.cpp, line 520]
Event: 741.126 Thread 0x000002a89e7a84f0 Exception <a 'sun/nio/fs/WindowsException'{0x000000008a03c2b8}> (0x000000008a03c2b8) 
thrown [s\src\hotspot\share\prims\jni.cpp, line 520]

ZGC Phase Switch (0 events):
No events

VM Operations (20 events):
Event: 730.671 Executing non-safepoint VM operation: HandshakeAllThreads (Deoptimize)
Event: 730.671 Executing non-safepoint VM operation: HandshakeAllThreads (Deoptimize) done
Event: 731.672 Executing safepoint VM operation: Cleanup
Event: 731.672 Executing safepoint VM operation: Cleanup done
Event: 732.679 Executing safepoint VM operation: Cleanup
Event: 732.679 Executing safepoint VM operation: Cleanup done
Event: 733.689 Executing safepoint VM operation: Cleanup
Event: 733.689 Executing safepoint VM operation: Cleanup done
Event: 735.713 Executing safepoint VM operation: Cleanup
Event: 735.713 Executing safepoint VM operation: Cleanup done
Event: 740.476 Executing safepoint VM operation: ICBufferFull
Event: 740.476 Executing safepoint VM operation: ICBufferFull done
Event: 740.537 Executing safepoint VM operation: G1CollectForAllocation (G1 Evacuation Pause)
Event: 740.541 Executing safepoint VM operation: G1CollectForAllocation (G1 Evacuation Pause) done
Event: 740.582 Executing safepoint VM operation: G1PauseRemark
Event: 740.594 Executing safepoint VM operation: G1PauseRemark done
Event: 740.626 Executing safepoint VM operation: G1PauseCleanup
Event: 740.626 Executing safepoint VM operation: G1PauseCleanup done
Event: 741.629 Executing safepoint VM operation: Cleanup
Event: 741.629 Executing safepoint VM operation: Cleanup done

Memory protections (0 events):
No events

Nmethod flushes (20 events):
Event: 740.591 Thread 0x000002a854ebae20 flushing  nmethod 0x000002a841747590
Event: 740.591 Thread 0x000002a854ebae20 flushing  nmethod 0x000002a84174ae10
Event: 740.591 Thread 0x000002a854ebae20 flushing  nmethod 0x000002a84174f390
Event: 740.591 Thread 0x000002a854ebae20 flushing  nmethod 0x000002a841789410
Event: 740.591 Thread 0x000002a854ebae20 flushing  nmethod 0x000002a84178a210
Event: 740.591 Thread 0x000002a854ebae20 flushing  nmethod 0x000002a84178a590
Event: 740.591 Thread 0x000002a854ebae20 flushing  nmethod 0x000002a84179fb90
Event: 740.591 Thread 0x000002a854ebae20 flushing  nmethod 0x000002a8417a4190
Event: 740.591 Thread 0x000002a854ebae20 flushing  nmethod 0x000002a8417a4810
Event: 740.591 Thread 0x000002a854ebae20 flushing  nmethod 0x000002a8417a4f90
Event: 740.591 Thread 0x000002a854ebae20 flushing  nmethod 0x000002a8417d2e90
Event: 740.591 Thread 0x000002a854ebae20 flushing  nmethod 0x000002a8417d4510
Event: 740.591 Thread 0x000002a854ebae20 flushing  nmethod 0x000002a8417d5990
Event: 740.591 Thread 0x000002a854ebae20 flushing  nmethod 0x000002a8417fca10
Event: 740.591 Thread 0x000002a854ebae20 flushing  nmethod 0x000002a841800f90
Event: 740.591 Thread 0x000002a854ebae20 flushing  nmethod 0x000002a84180bf10
Event: 740.591 Thread 0x000002a854ebae20 flushing  nmethod 0x000002a84180cf10
Event: 740.591 Thread 0x000002a854ebae20 flushing  nmethod 0x000002a841bf2b10
Event: 740.591 Thread 0x000002a854ebae20 flushing  nmethod 0x000002a841d0f610
Event: 740.591 Thread 0x000002a854ebae20 flushing  nmethod 0x000002a841d0fc90

Events (20 events):
Event: 740.987 Thread 0x000002a89e7a5070 Thread exited: 0x000002a89e7a5070
Event: 740.987 Thread 0x000002a8a0d75e90 Thread exited: 0x000002a8a0d75e90
Event: 740.987 Thread 0x000002a89e7a98a0 Thread exited: 0x000002a89e7a98a0
Event: 740.987 Thread 0x000002a89e7ab970 Thread exited: 0x000002a89e7ab970
Event: 741.001 Thread 0x000002a8a0d73730 Thread exited: 0x000002a8a0d73730
Event: 741.002 Thread 0x000002a8a0d730a0 Thread exited: 0x000002a8a0d730a0
Event: 741.018 Thread 0x000002a8a0d6ef00 Thread exited: 0x000002a8a0d6ef00
Event: 741.041 Thread 0x000002a8a0d70fd0 Thread exited: 0x000002a8a0d70fd0
Event: 741.044 Thread 0x000002a8a0d6fc20 Thread exited: 0x000002a8a0d6fc20
Event: 741.089 Thread 0x000002a8a2f2d240 Thread exited: 0x000002a8a2f2d240
Event: 741.090 Thread 0x000002a89e7a7140 Thread added: 0x000002a89cc46670
Event: 741.092 Thread 0x000002a89e7a7140 Thread added: 0x000002a8a0d70fd0
Event: 741.097 Thread 0x000002a89e7a84f0 Thread added: 0x000002a8a0d6fc20
Event: 741.098 Thread 0x000002a89e7a84f0 Thread added: 0x000002a8a0d71cf0
Event: 741.098 Thread 0x000002a89e7a84f0 Thread added: 0x000002a8a0d72380
Event: 741.111 Thread 0x000002a89e7a84f0 Thread added: 0x000002a8a0d6ef00
Event: 741.114 Thread 0x000002a89e7a84f0 Thread added: 0x000002a8a0d730a0
Event: 741.118 Thread 0x000002a89e7a84f0 Thread added: 0x000002a8a0d75e90
Event: 741.120 Thread 0x000002a89e7a84f0 Thread added: 0x000002a8a0d75800
Event: 741.144 Thread 0x000002a89e7a84f0 Thread added: 0x000002a8a0d72a10


Dynamic libraries:
0x00007ff6af200000 - 0x00007ff6af20e000 	C:\Users\aayus\.vscode\extensions\redhat.java-1.53.0-win32-x64\jre\21.0.10-win32-x86_64\bin\java.exe
0x00007ffc7e400000 - 0x00007ffc7e667000 	C:\WINDOWS\SYSTEM32\ntdll.dll
0x00007ffc7dc80000 - 0x00007ffc7dd49000 	C:\WINDOWS\System32\KERNEL32.DLL
0x00007ffc7b610000 - 0x00007ffc7ba01000 	C:\WINDOWS\System32\KERNELBASE.dll
0x00007ffc7c050000 - 0x00007ffc7c19b000 	C:\WINDOWS\System32\ucrtbase.dll
0x00007ffc44510000 - 0x00007ffc4452e000 	C:\Users\aayus\.vscode\extensions\redhat.java-1.53.0-win32-x64\jre\21.0.10-win32-x86_64\bin\VCRUNTIME140.dll
0x00007ffc44390000 - 0x00007ffc443a8000 	C:\Users\aayus\.vscode\extensions\redhat.java-1.53.0-win32-x64\jre\21.0.10-win32-x86_64\bin\jli.dll
0x00007ffc7de00000 - 0x00007ffc7dfc5000 	C:\WINDOWS\System32\USER32.dll
0x00007ffc7ad70000 - 0x00007ffc7ad97000 	C:\WINDOWS\System32\win32u.dll
0x00007ffc5d2d0000 - 0x00007ffc5d563000 	C:\WINDOWS\WinSxS\amd64_microsoft.windows.common-controls_6595b64144ccf1df_6.0.26100.8037_none_3e092faae333b53b\COMCTL32.dll
0x00007ffc7c270000 - 0x00007ffc7c29b000 	C:\WINDOWS\System32\GDI32.dll
0x00007ffc7cdc0000 - 0x00007ffc7ce69000 	C:\WINDOWS\System32\msvcrt.dll
0x00007ffc7ba10000 - 0x00007ffc7bb3b000 	C:\WINDOWS\System32\gdi32full.dll
0x00007ffc7be20000 - 0x00007ffc7bec3000 	C:\WINDOWS\System32\msvcp_win.dll
0x00007ffc7dfd0000 - 0x00007ffc7e001000 	C:\WINDOWS\System32\IMM32.DLL
0x00007ffc60450000 - 0x00007ffc6045c000 	C:\Users\aayus\.vscode\extensions\redhat.java-1.53.0-win32-x64\jre\21.0.10-win32-x86_64\bin\vcruntime140_1.dll
0x00007ffc28080000 - 0x00007ffc2810d000 	C:\Users\aayus\.vscode\extensions\redhat.java-1.53.0-win32-x64\jre\21.0.10-win32-x86_64\bin\msvcp140.dll
0x00007ffbd6b30000 - 0x00007ffbd78d1000 	C:\Users\aayus\.vscode\extensions\redhat.java-1.53.0-win32-x64\jre\21.0.10-win32-x86_64\bin\server\jvm.dll
0x00007ffc7c1a0000 - 0x00007ffc7c25b000 	C:\WINDOWS\System32\ADVAPI32.dll
0x00007ffc7dd50000 - 0x00007ffc7ddf7000 	C:\WINDOWS\System32\sechost.dll
0x00007ffc7cc50000 - 0x00007ffc7cd68000 	C:\WINDOWS\System32\RPCRT4.dll
0x00007ffc7e010000 - 0x00007ffc7e084000 	C:\WINDOWS\System32\WS2_32.dll
0x00007ffc700e0000 - 0x00007ffc700eb000 	C:\WINDOWS\SYSTEM32\VERSION.dll
0x00007ffc7ab40000 - 0x00007ffc7ab9e000 	C:\WINDOWS\SYSTEM32\POWRPROF.dll
0x00007ffc75d30000 - 0x00007ffc75d65000 	C:\WINDOWS\SYSTEM32\WINMM.dll
0x00007ffc7ab20000 - 0x00007ffc7ab34000 	C:\WINDOWS\SYSTEM32\UMPDC.dll
0x00007ffc79a30000 - 0x00007ffc79a4b000 	C:\WINDOWS\SYSTEM32\kernel.appcore.dll
0x00007ffc60230000 - 0x00007ffc6023a000 	C:\Users\aayus\.vscode\extensions\redhat.java-1.53.0-win32-x64\jre\21.0.10-win32-x86_64\bin\jimage.dll
0x00007ffc78c40000 - 0x00007ffc78e82000 	C:\WINDOWS\SYSTEM32\DBGHELP.DLL
0x00007ffc7c6d0000 - 0x00007ffc7ca52000 	C:\WINDOWS\System32\combase.dll
0x00007ffc7cf70000 - 0x00007ffc7d047000 	C:\WINDOWS\System32\OLEAUT32.dll
0x00007ffc569a0000 - 0x00007ffc569db000 	C:\WINDOWS\SYSTEM32\dbgcore.DLL
0x00007ffc7bc00000 - 0x00007ffc7bca5000 	C:\WINDOWS\System32\bcryptPrimitives.dll
0x00007ffc5f870000 - 0x00007ffc5f87f000 	C:\Users\aayus\.vscode\extensions\redhat.java-1.53.0-win32-x64\jre\21.0.10-win32-x86_64\bin\instrument.dll
0x00007ffc42a20000 - 0x00007ffc42a40000 	C:\Users\aayus\.vscode\extensions\redhat.java-1.53.0-win32-x64\jre\21.0.10-win32-x86_64\bin\java.dll
0x00007ffc7d4e0000 - 0x00007ffc7dc3f000 	C:\WINDOWS\System32\SHELL32.dll
0x00007ffc7bcb0000 - 0x00007ffc7be1a000 	C:\WINDOWS\System32\wintypes.dll
0x00007ffc7ada0000 - 0x00007ffc7b604000 	C:\WINDOWS\System32\windows.storage.dll
0x00007ffc7c5d0000 - 0x00007ffc7c6c7000 	C:\WINDOWS\System32\SHCORE.dll
0x00007ffc7c300000 - 0x00007ffc7c367000 	C:\WINDOWS\System32\shlwapi.dll
0x00007ffc7ac00000 - 0x00007ffc7ac29000 	C:\WINDOWS\SYSTEM32\profapi.dll
0x00007ffc424d0000 - 0x00007ffc424e8000 	C:\Users\aayus\.vscode\extensions\redhat.java-1.53.0-win32-x64\jre\21.0.10-win32-x86_64\bin\zip.dll
0x00007ffc600a0000 - 0x00007ffc600b0000 	C:\Users\aayus\.vscode\extensions\redhat.java-1.53.0-win32-x64\jre\21.0.10-win32-x86_64\bin\net.dll
0x00007ffc6fc70000 - 0x00007ffc6fd97000 	C:\WINDOWS\SYSTEM32\WINHTTP.dll
0x00007ffc79f80000 - 0x00007ffc79feb000 	C:\WINDOWS\system32\mswsock.dll
0x00007ffc416e0000 - 0x00007ffc416f6000 	C:\Users\aayus\.vscode\extensions\redhat.java-1.53.0-win32-x64\jre\21.0.10-win32-x86_64\bin\nio.dll
0x00007ffc58d50000 - 0x00007ffc58d60000 	C:\Users\aayus\.vscode\extensions\redhat.java-1.53.0-win32-x64\jre\21.0.10-win32-x86_64\bin\verify.dll
0x00007ffc48060000 - 0x00007ffc48087000 	C:\Users\aayus\.gradle\native\68d5fa5c4cc2d200863cafc0d521ce42e7d3e7ee720ec0a83991735586a16f82\windows-amd64\native-platform.dll
0x00007ffbd4e30000 - 0x00007ffbd4f74000 	C:\Users\aayus\.gradle\native\e376f236ea51e6404a007f0833ffe2c6e607c4080706a723a18a27aeea778392\windows-amd64\native-platform-file-events.dll
0x00007ffc605a0000 - 0x00007ffc605aa000 	C:\Users\aayus\.vscode\extensions\redhat.java-1.53.0-win32-x64\jre\21.0.10-win32-x86_64\bin\management.dll
0x00007ffc58d20000 - 0x00007ffc58d2c000 	C:\Users\aayus\.vscode\extensions\redhat.java-1.53.0-win32-x64\jre\21.0.10-win32-x86_64\bin\management_ext.dll
0x00007ffc7c430000 - 0x00007ffc7c438000 	C:\WINDOWS\System32\PSAPI.DLL
0x00007ffc7a300000 - 0x00007ffc7a31b000 	C:\WINDOWS\SYSTEM32\CRYPTSP.dll
0x00007ffc79990000 - 0x00007ffc799c9000 	C:\WINDOWS\system32\rsaenh.dll
0x00007ffc7a030000 - 0x00007ffc7a062000 	C:\WINDOWS\SYSTEM32\USERENV.dll
0x00007ffc7abd0000 - 0x00007ffc7abfa000 	C:\WINDOWS\SYSTEM32\bcrypt.dll
0x00007ffc7a1e0000 - 0x00007ffc7a1ec000 	C:\WINDOWS\SYSTEM32\CRYPTBASE.dll
0x00007ffc79420000 - 0x00007ffc79453000 	C:\WINDOWS\SYSTEM32\IPHLPAPI.DLL
0x00007ffc7ca60000 - 0x00007ffc7ca6a000 	C:\WINDOWS\System32\NSI.dll
0x00007ffc55ea0000 - 0x00007ffc55ea9000 	C:\Users\aayus\.vscode\extensions\redhat.java-1.53.0-win32-x64\jre\21.0.10-win32-x86_64\bin\extnet.dll
0x00007ffc56320000 - 0x00007ffc5632e000 	C:\Users\aayus\.vscode\extensions\redhat.java-1.53.0-win32-x64\jre\21.0.10-win32-x86_64\bin\sunmscapi.dll
0x00007ffc7bed0000 - 0x00007ffc7c047000 	C:\WINDOWS\System32\CRYPT32.dll
0x00007ffc7a4e0000 - 0x00007ffc7a510000 	C:\WINDOWS\SYSTEM32\ncrypt.dll
0x00007ffc7a490000 - 0x00007ffc7a4cf000 	C:\WINDOWS\SYSTEM32\NTASN1.dll
0x00007ffc4e7d0000 - 0x00007ffc4e7d8000 	C:\WINDOWS\system32\wshunix.dll
0x00007ffc5d7c0000 - 0x00007ffc5d7d8000 	C:\WINDOWS\system32\napinsp.dll
0x00007ffc79510000 - 0x00007ffc7963a000 	C:\WINDOWS\SYSTEM32\DNSAPI.dll
0x00007ffc5d7a0000 - 0x00007ffc5d7b2000 	C:\WINDOWS\System32\winrnr.dll
0x00007ffc6fde0000 - 0x00007ffc6fdf6000 	C:\WINDOWS\system32\wshbth.dll
0x00007ffc5d770000 - 0x00007ffc5d792000 	C:\WINDOWS\system32\nlansp_c.dll
0x00007ffc6f780000 - 0x00007ffc6f78b000 	C:\Windows\System32\rasadhlp.dll
0x00007ffc6f2b0000 - 0x00007ffc6f336000 	C:\WINDOWS\System32\fwpuclnt.dll

JVMTI agents:
C:\Users\aayus\.gradle\wrapper\dists\gradle-8.2.1-bin\5hap6b9n41hkg4jeh2au2pllh\gradle-8.2.1\lib\agents\gradle-instrumentation-agent-8.2.1.jar path:C:\Users\aayus\.vscode\extensions\redhat.java-1.53.0-win32-x64\jre\21.0.10-win32-x86_64\bin\instrument.dll, loaded, initialized, instrumentlib options:none

dbghelp: loaded successfully - version: 4.0.5 - missing functions: none
symbol engine: initialized successfully - sym options: 0x614 - pdb path: .;C:\Users\aayus\.vscode\extensions\redhat.java-1.53.0-win32-x64\jre\21.0.10-win32-x86_64\bin;C:\WINDOWS\SYSTEM32;C:\WINDOWS\WinSxS\amd64_microsoft.windows.common-controls_6595b64144ccf1df_6.0.26100.8037_none_3e092faae333b53b;C:\Users\aayus\.vscode\extensions\redhat.java-1.53.0-win32-x64\jre\21.0.10-win32-x86_64\bin\server;C:\Users\aayus\.gradle\native\68d5fa5c4cc2d200863cafc0d521ce42e7d3e7ee720ec0a83991735586a16f82\windows-amd64;C:\Users\aayus\.gradle\native\e376f236ea51e6404a007f0833ffe2c6e607c4080706a723a18a27aeea778392\windows-amd64

VM Arguments:
jvm_args: --add-opens=java.base/java.util=ALL-UNNAMED --add-opens=java.base/java.lang=ALL-UNNAMED --add-opens=java.base/java.lang.invoke=ALL-UNNAMED --add-opens=java.prefs/java.util.prefs=ALL-UNNAMED --add-opens=java.base/java.nio.charset=ALL-UNNAMED --add-opens=java.base/java.net=ALL-UNNAMED --add-opens=java.base/java.util.concurrent.atomic=ALL-UNNAMED -Xmx2048m -Dfile.encoding=UTF-8 -Duser.country=US -Duser.language=en -Duser.variant -javaagent:C:\Users\aayus\.gradle\wrapper\dists\gradle-8.2.1-bin\5hap6b9n41hkg4jeh2au2pllh\gradle-8.2.1\lib\agents\gradle-instrumentation-agent-8.2.1.jar 
java_command: org.gradle.launcher.daemon.bootstrap.GradleDaemon 8.2.1
java_class_path (initial): C:\Users\aayus\.gradle\wrapper\dists\gradle-8.2.1-bin\5hap6b9n41hkg4jeh2au2pllh\gradle-8.2.1\lib\gradle-launcher-8.2.1.jar
Launcher Type: SUN_STANDARD

[Global flags]
     intx CICompilerCount                          = 12                                        {product} {ergonomic}
     uint ConcGCThreads                            = 3                                         {product} {ergonomic}
     uint G1ConcRefinementThreads                  = 13                                        {product} {ergonomic}
   size_t G1HeapRegionSize                         = 1048576                                   {product} {ergonomic}
    uintx GCDrainStackTargetSize                   = 64                                        {product} {ergonomic}
   size_t InitialHeapSize                          = 400556032                                 {product} {ergonomic}
   size_t MarkStackSize                            = 4194304                                   {product} {ergonomic}
   size_t MaxHeapSize                              = 2147483648                                {product} {command line}
   size_t MaxNewSize                               = 1287651328                                {product} {ergonomic}
   size_t MinHeapDeltaBytes                        = 1048576                                   {product} {ergonomic}
   size_t MinHeapSize                              = 8388608                                   {product} {ergonomic}
    uintx NonNMethodCodeHeapSize                   = 7602480                                {pd product} {ergonomic}
    uintx NonProfiledCodeHeapSize                  = 122027880                              {pd product} {ergonomic}
    uintx ProfiledCodeHeapSize                     = 122027880                              {pd product} {ergonomic}
    uintx ReservedCodeCacheSize                    = 251658240                              {pd product} {ergonomic}
     bool SegmentedCodeCache                       = true                                      {product} {ergonomic}
   size_t SoftMaxHeapSize                          = 2147483648                             {manageable} {ergonomic}
     bool UseCompressedOops                        = true                           {product lp64_product} {ergonomic}
     bool UseG1GC                                  = true                                      {product} {ergonomic}
     bool UseLargePagesIndividualAllocation        = false                                  {pd product} {ergonomic}

Logging:
Log output configuration:
 #0: stdout all=warning uptime,level,tags foldmultilines=false
 #1: stderr all=off uptime,level,tags foldmultilines=false

Release file:
JAVA_VERSION="21.0.10" 
MODULES="java.base java.compiler java.datatransfer java.xml java.prefs java.desktop java.instrument java.logging java.management java.security.sasl java.naming java.rmi java.management.rmi java.net.http java.scripting java.security.jgss java.transaction.xa java.sql java.sql.rowset java.xml.crypto java.se java.smartcardio jdk.accessibility jdk.internal.jvmstat jdk.attach jdk.charsets jdk.internal.opt jdk.zipfs jdk.compiler jdk.crypto.ec jdk.crypto.cryptoki jdk.crypto.mscapi jdk.dynalink jdk.internal.ed jdk.editpad jdk.hotspot.agent jdk.httpserver jdk.internal.le jdk.internal.vm.ci jdk.internal.vm.compiler jdk.internal.vm.compiler.management jdk.jartool jdk.javadoc jdk.jcmd jdk.management jdk.management.agent jdk.jconsole jdk.jdeps jdk.jdwp.agent jdk.jdi jdk.jfr jdk.jshell jdk.jsobject jdk.jstatd jdk.localedata jdk.management.jfr jdk.naming.dns jdk.naming.rmi jdk.net jdk.nio.mapmode jdk.random jdk.sctp jdk.security.auth jdk.security.jgss jdk.unsupported jdk.unsupported.desktop jdk.xml.dom" 

Environment Variables:
PATH=C:\Users\aayus\AppData\Local\Programs\Microsoft VS Code;C:\Program Files\Common Files\Oracle\Java\javapath;C:\Program Files (x86)\Common Files\Oracle\Java\javapath;C:\Program Files\Eclipse Adoptium\jdk-21.0.6.7-hotspot\bin;C:\WINDOWS\system32;C:\WINDOWS;C:\WINDOWS\System32\Wbem;C:\WINDOWS\System32\WindowsPowerShell\v1.0\;C:\WINDOWS\System32\OpenSSH\;C:\Program Files (x86)\NVIDIA Corporation\PhysX\Common;C:\Program Files\NVIDIA Corporation\NVIDIA NvDLISR;C:\Users\aayus\Downloads\apache-maven-3.9.9-bin\apache-maven-3.9.9\bin;C:\MinGW\bin;C:\Program Files\Git\cmd;C:\Program Files\nodejs\;C:\Program Files\Memurai\;C:\Users\aayus\AppData\Local\Programs\Python\Python311\Scripts\;C:\Users\aayus\AppData\Local\Programs\Python\Python311\;C:\Program Files\MySQL\MySQL Shell 8.0\bin\;C:\Users\aayus\AppData\Local\Microsoft\WindowsApps;C:\Users\aayus\AppData\Local\Programs\Microsoft VS Code\bin;C:\Users\aayus\AppData\Roaming\npm;C:\Program Files\nodejs\;C:\Program Files\Vim\vim91;
USERNAME=aayus
OS=Windows_NT
PROCESSOR_IDENTIFIER=Intel64 Family 6 Model 183 Stepping 1, GenuineIntel
TMP=C:\Users\aayus\AppData\Local\Temp
TEMP=C:\Users\aayus\AppData\Local\Temp




Periodic native trim disabled

---------------  S Y S T E M  ---------------

OS:
 Windows 11 , 64 bit Build 26100 (10.0.26100.7920)
OS uptime: 4 days 1:34 hours
Hyper-V role detected

CPU: total 16 (initial active 16) (8 cores per cpu, 2 threads per core) family 6 model 183 stepping 1 microcode 0x129, cx8, cmov, fxsr, ht, mmx, 3dnowpref, sse, sse2, sse3, ssse3, sse4.1, sse4.2, popcnt, lzcnt, tsc, tscinvbit, avx, avx2, aes, erms, clmul, bmi1, bmi2, adx, sha, fma, vzeroupper, clflush, clflushopt, clwb, hv, serialize, rdtscp, rdpid, fsrm, f16c, cet_ibt, cet_ss
Processor Information for processor 0
  Max Mhz: 2400, Current Mhz: 1520, Mhz Limit: 2400
Processor Information for processor 1
  Max Mhz: 2400, Current Mhz: 1520, Mhz Limit: 2400
Processor Information for processor 2
  Max Mhz: 2400, Current Mhz: 2400, Mhz Limit: 2400
Processor Information for processor 3
  Max Mhz: 2400, Current Mhz: 2400, Mhz Limit: 2400
Processor Information for processor 4
  Max Mhz: 2400, Current Mhz: 2400, Mhz Limit: 2400
Processor Information for processor 5
  Max Mhz: 2400, Current Mhz: 2400, Mhz Limit: 2400
Processor Information for processor 6
  Max Mhz: 2400, Current Mhz: 2400, Mhz Limit: 2400
Processor Information for processor 7
  Max Mhz: 2400, Current Mhz: 2400, Mhz Limit: 2400
Processor Information for processor 8
  Max Mhz: 2400, Current Mhz: 2400, Mhz Limit: 2400
Processor Information for processor 9
  Max Mhz: 2400, Current Mhz: 2400, Mhz Limit: 2400
Processor Information for processor 10
  Max Mhz: 2400, Current Mhz: 2400, Mhz Limit: 2400
Processor Information for processor 11
  Max Mhz: 2400, Current Mhz: 2400, Mhz Limit: 2400
Processor Information for processor 12
  Max Mhz: 2400, Current Mhz: 2400, Mhz Limit: 2400
Processor Information for processor 13
  Max Mhz: 2400, Current Mhz: 2400, Mhz Limit: 2400
Processor Information for processor 14
  Max Mhz: 2400, Current Mhz: 2400, Mhz Limit: 2400
Processor Information for processor 15
  Max Mhz: 2400, Current Mhz: 2400, Mhz Limit: 2400

Memory: 4k page, system-wide physical 24351M (1250M free)
TotalPageFile size 46715M (AvailPageFile size 2M)
current process WorkingSet (physical memory assigned to process): 402M, peak: 438M
current process commit charge ("private bytes"): 562M, peak: 589M

vm_info: OpenJDK 64-Bit Server VM (21.0.10+7-LTS) for windows-amd64 JRE (21.0.10+7-LTS), built on 2026-01-20T00:00:00Z by "admin" with MS VC++ 17.12 (VS2022)

END.
